<?xml version="1.0" encoding="UTF-8"?>
<robot generator="Robot 5.0.1 (Python 3.10.7 on win32)" generated="20221013 15:24:39.115" rpa="false" schemaversion="3">
<suite id="s1" name="Base" source="C:\Users\felip\pb\Sprint 4\RoboTron_FelipeMalacarne_Compass\Robot_Framework_Basico\base.robot">
<test id="s1-t1" name="Cenario: DELETE Excluir Produto 200" line="68">
<kw name="Criar Sessao">
<kw name="Create Session" library="RequestsLibrary">
<arg>serverest</arg>
<arg>${URL}</arg>
<doc>Create Session: create a HTTP session to a server</doc>
<msg timestamp="20221013 15:24:39.242" level="INFO">Creating Session using : alias=serverest, url=http://localhost:3000, headers={},                     cookies={}, auth=None, timeout=None, proxies=None, verify=False,                     debug=0 </msg>
<status status="PASS" starttime="20221013 15:24:39.242" endtime="20221013 15:24:39.242"/>
</kw>
<status status="PASS" starttime="20221013 15:24:39.241" endtime="20221013 15:24:39.242"/>
</kw>
<kw name="Fazer Login e Armazenar Token" library="login_keywords">
<kw name="POST Endpoint /login" library="login_keywords">
<kw name="POST On Session" library="RequestsLibrary">
<var>${response}</var>
<arg>serverest</arg>
<arg>/login</arg>
<arg>json=${login}</arg>
<doc>Sends a POST request on a previously created HTTP Session.</doc>
<msg timestamp="20221013 15:24:39.252" level="INFO">POST Request : url=http://localhost:3000/login 
 path_url=/login 
 headers={'User-Agent': 'python-requests/2.28.1', 'Accept-Encoding': 'gzip, deflate', 'Accept': '*/*', 'Connection': 'keep-alive', 'Content-Length': '47', 'Content-Type': 'application/json'} 
 body=b'{"email": "fulano@qa.com", "password": "teste"}' 
 </msg>
<msg timestamp="20221013 15:24:39.252" level="INFO">POST Response : url=http://localhost:3000/login 
 status=200, reason=OK 
 headers={'Access-Control-Allow-Origin': '*', 'x-dns-prefetch-control': 'off', 'x-frame-options': 'SAMEORIGIN', 'strict-transport-security': 'max-age=15552000; includeSubDomains', 'x-download-options': 'noopen', 'x-content-type-options': 'nosniff', 'x-xss-protection': '1; mode=block', 'x-moesif-transaction-id': '04ba44b6-5b71-4e07-ab31-71296e3274cf', 'Content-Type': 'application/json; charset=utf-8', 'Content-Length': '265', 'Date': 'Thu, 13 Oct 2022 18:24:39 GMT', 'Connection': 'keep-alive', 'Keep-Alive': 'timeout=5'} 
 body={
    "message": "Login realizado com sucesso",
    "authorization": "Bearer eyJhbGciOiJIUzI1NiIsInR5cCI6IkpXVCJ9.eyJlbWFpbCI6ImZ1bGFub0BxYS5jb20iLCJwYXNzd29yZCI6InRlc3RlIiwiaWF0IjoxNjY1Njg1NDc5LCJleHAiOjE2NjU2ODYwNzl9.q-SLZwpBTknRVdQFUjm5nxvBR1KZPINRze3cetv_9og"
} 
 </msg>
<msg timestamp="20221013 15:24:39.252" level="INFO">${response} = &lt;Response [200]&gt;</msg>
<status status="PASS" starttime="20221013 15:24:39.243" endtime="20221013 15:24:39.252"/>
</kw>
<kw name="Log To Console" library="BuiltIn">
<arg>${response.content}</arg>
<doc>Logs the given message to the console.</doc>
<status status="PASS" starttime="20221013 15:24:39.253" endtime="20221013 15:24:39.253"/>
</kw>
<kw name="Set Global Variable" library="BuiltIn">
<arg>${response}</arg>
<doc>Makes a variable available globally in all tests and suites.</doc>
<msg timestamp="20221013 15:24:39.254" level="INFO">${response} = &lt;Response [200]&gt;</msg>
<status status="PASS" starttime="20221013 15:24:39.253" endtime="20221013 15:24:39.254"/>
</kw>
<status status="PASS" starttime="20221013 15:24:39.243" endtime="20221013 15:24:39.254"/>
</kw>
<kw name="Validar Ter Logado" library="login_keywords">
<kw name="Should Be Equal" library="BuiltIn">
<arg>${response.json()["message"]}</arg>
<arg>Login realizado com sucesso</arg>
<doc>Fails if the given objects are unequal.</doc>
<status status="PASS" starttime="20221013 15:24:39.254" endtime="20221013 15:24:39.255"/>
</kw>
<kw name="Should Not Be Empty" library="BuiltIn">
<arg>${response.json()["authorization"]}</arg>
<doc>Verifies that the given item is not empty.</doc>
<msg timestamp="20221013 15:24:39.255" level="INFO">Length is 192</msg>
<status status="PASS" starttime="20221013 15:24:39.255" endtime="20221013 15:24:39.255"/>
</kw>
<status status="PASS" starttime="20221013 15:24:39.254" endtime="20221013 15:24:39.255"/>
</kw>
<kw name="Set Variable" library="BuiltIn">
<var>${token_auth}</var>
<arg>${response.json()["authorization"]}</arg>
<doc>Returns the given values which can then be assigned to a variables.</doc>
<msg timestamp="20221013 15:24:39.256" level="INFO">${token_auth} = Bearer eyJhbGciOiJIUzI1NiIsInR5cCI6IkpXVCJ9.eyJlbWFpbCI6ImZ1bGFub0BxYS5jb20iLCJwYXNzd29yZCI6InRlc3RlIiwiaWF0IjoxNjY1Njg1NDc5LCJleHAiOjE2NjU2ODYwNzl9.q-SLZwpBTknRVdQFUjm5nxvBR1KZPINRze3cetv_9og</msg>
<status status="PASS" starttime="20221013 15:24:39.255" endtime="20221013 15:24:39.256"/>
</kw>
<kw name="Log To Console" library="BuiltIn">
<arg>Token Salvo: ${token_auth}</arg>
<doc>Logs the given message to the console.</doc>
<status status="PASS" starttime="20221013 15:24:39.256" endtime="20221013 15:24:39.256"/>
</kw>
<kw name="Set Global Variable" library="BuiltIn">
<arg>${token_auth}</arg>
<doc>Makes a variable available globally in all tests and suites.</doc>
<msg timestamp="20221013 15:24:39.257" level="INFO">${token_auth} = Bearer eyJhbGciOiJIUzI1NiIsInR5cCI6IkpXVCJ9.eyJlbWFpbCI6ImZ1bGFub0BxYS5jb20iLCJwYXNzd29yZCI6InRlc3RlIiwiaWF0IjoxNjY1Njg1NDc5LCJleHAiOjE2NjU2ODYwNzl9.q-SLZwpBTknRVdQFUjm5nxvBR1KZPINRze3cetv_9og</msg>
<status status="PASS" starttime="20221013 15:24:39.257" endtime="20221013 15:24:39.257"/>
</kw>
<status status="PASS" starttime="20221013 15:24:39.243" endtime="20221013 15:24:39.257"/>
</kw>
<kw name="Criar Produto e Armazenar ID" library="produtos_keywords">
<kw name="POST Endpoint /produtos" library="produtos_keywords">
<kw name="Create Dictionary" library="BuiltIn">
<var>&amp;{post_body}</var>
<arg>nome=LogitREWREEEEECH</arg>
<arg>preco=47</arg>
<arg>descricao=MousEEEE</arg>
<arg>quantidade=3821</arg>
<doc>Creates and returns a dictionary based on the given ``items``.</doc>
<msg timestamp="20221013 15:24:39.258" level="INFO">&amp;{post_body} = { nome=LogitREWREEEEECH | preco=47 | descricao=MousEEEE | quantidade=3821 }</msg>
<status status="PASS" starttime="20221013 15:24:39.258" endtime="20221013 15:24:39.258"/>
</kw>
<kw name="Create Dictionary" library="BuiltIn">
<var>${header}</var>
<arg>Authorization=${token_auth}</arg>
<doc>Creates and returns a dictionary based on the given ``items``.</doc>
<msg timestamp="20221013 15:24:39.258" level="INFO">${header} = {'Authorization': 'Bearer eyJhbGciOiJIUzI1NiIsInR5cCI6IkpXVCJ9.eyJlbWFpbCI6ImZ1bGFub0BxYS5jb20iLCJwYXNzd29yZCI6InRlc3RlIiwiaWF0IjoxNjY1Njg1NDc5LCJleHAiOjE2NjU2ODYwNzl9.q-SLZwpBTknRVdQFUjm5nxvBR1KZPINR...</msg>
<status status="PASS" starttime="20221013 15:24:39.258" endtime="20221013 15:24:39.258"/>
</kw>
<kw name="POST On Session" library="RequestsLibrary">
<var>${response}</var>
<arg>serverest</arg>
<arg>/produtos</arg>
<arg>data=${post_body}</arg>
<arg>headers=${header}</arg>
<arg>expected_status=anything</arg>
<doc>Sends a POST request on a previously created HTTP Session.</doc>
<msg timestamp="20221013 15:24:39.265" level="INFO">POST Request : url=http://localhost:3000/produtos 
 path_url=/produtos 
 headers={'User-Agent': 'python-requests/2.28.1', 'Accept-Encoding': 'gzip, deflate', 'Accept': '*/*', 'Connection': 'keep-alive', 'Authorization': 'Bearer eyJhbGciOiJIUzI1NiIsInR5cCI6IkpXVCJ9.eyJlbWFpbCI6ImZ1bGFub0BxYS5jb20iLCJwYXNzd29yZCI6InRlc3RlIiwiaWF0IjoxNjY1Njg1NDc5LCJleHAiOjE2NjU2ODYwNzl9.q-SLZwpBTknRVdQFUjm5nxvBR1KZPINRze3cetv_9og', 'Content-Length': '65', 'Content-Type': 'application/x-www-form-urlencoded'} 
 body=nome=LogitREWREEEEECH&amp;preco=47&amp;descricao=MousEEEE&amp;quantidade=3821 
 </msg>
<msg timestamp="20221013 15:24:39.265" level="INFO">POST Response : url=http://localhost:3000/produtos 
 status=201, reason=Created 
 headers={'Access-Control-Allow-Origin': '*', 'x-dns-prefetch-control': 'off', 'x-frame-options': 'SAMEORIGIN', 'strict-transport-security': 'max-age=15552000; includeSubDomains', 'x-download-options': 'noopen', 'x-content-type-options': 'nosniff', 'x-xss-protection': '1; mode=block', 'x-moesif-transaction-id': 'cf59e0e5-a519-45ad-a394-ee9597655252', 'Content-Type': 'application/json; charset=utf-8', 'Content-Length': '82', 'Date': 'Thu, 13 Oct 2022 18:24:39 GMT', 'Connection': 'keep-alive', 'Keep-Alive': 'timeout=5'} 
 body={
    "message": "Cadastro realizado com sucesso",
    "_id": "AJXpDGKJQxyZ20RC"
} 
 </msg>
<msg timestamp="20221013 15:24:39.265" level="INFO">${response} = &lt;Response [201]&gt;</msg>
<status status="PASS" starttime="20221013 15:24:39.258" endtime="20221013 15:24:39.265"/>
</kw>
<kw name="Log To Console" library="BuiltIn">
<arg>${response.content}</arg>
<doc>Logs the given message to the console.</doc>
<status status="PASS" starttime="20221013 15:24:39.265" endtime="20221013 15:24:39.266"/>
</kw>
<kw name="Set Global Variable" library="BuiltIn">
<arg>${response}</arg>
<doc>Makes a variable available globally in all tests and suites.</doc>
<msg timestamp="20221013 15:24:39.266" level="INFO">${response} = &lt;Response [201]&gt;</msg>
<status status="PASS" starttime="20221013 15:24:39.266" endtime="20221013 15:24:39.266"/>
</kw>
<status status="PASS" starttime="20221013 15:24:39.257" endtime="20221013 15:24:39.266"/>
</kw>
<kw name="Validar Ter Criado Produto" library="produtos_keywords">
<kw name="Should Be Equal" library="BuiltIn">
<arg>${response.json()["message"]}</arg>
<arg>Cadastro realizado com sucesso</arg>
<doc>Fails if the given objects are unequal.</doc>
<status status="PASS" starttime="20221013 15:24:39.267" endtime="20221013 15:24:39.267"/>
</kw>
<kw name="Should Not Be Empty" library="BuiltIn">
<arg>${response.json()["_id"]}</arg>
<doc>Verifies that the given item is not empty.</doc>
<msg timestamp="20221013 15:24:39.268" level="INFO">Length is 16</msg>
<status status="PASS" starttime="20221013 15:24:39.267" endtime="20221013 15:24:39.268"/>
</kw>
<status status="PASS" starttime="20221013 15:24:39.266" endtime="20221013 15:24:39.268"/>
</kw>
<kw name="Set Variable" library="BuiltIn">
<var>${id_produto}</var>
<arg>${response.json()["_id"]}</arg>
<doc>Returns the given values which can then be assigned to a variables.</doc>
<msg timestamp="20221013 15:24:39.268" level="INFO">${id_produto} = AJXpDGKJQxyZ20RC</msg>
<status status="PASS" starttime="20221013 15:24:39.268" endtime="20221013 15:24:39.268"/>
</kw>
<kw name="Log To Console" library="BuiltIn">
<arg>${id_produto}</arg>
<doc>Logs the given message to the console.</doc>
<status status="PASS" starttime="20221013 15:24:39.268" endtime="20221013 15:24:39.269"/>
</kw>
<kw name="Set Global Variable" library="BuiltIn">
<arg>${id_produto}</arg>
<doc>Makes a variable available globally in all tests and suites.</doc>
<msg timestamp="20221013 15:24:39.269" level="INFO">${id_produto} = AJXpDGKJQxyZ20RC</msg>
<status status="PASS" starttime="20221013 15:24:39.269" endtime="20221013 15:24:39.269"/>
</kw>
<status status="PASS" starttime="20221013 15:24:39.257" endtime="20221013 15:24:39.269"/>
</kw>
<kw name=" DELETE Endpoint /produtos" library="produtos_keywords">
<kw name="Create Dictionary" library="BuiltIn">
<var>${header}</var>
<arg>Authorization=${token_auth}</arg>
<doc>Creates and returns a dictionary based on the given ``items``.</doc>
<msg timestamp="20221013 15:24:39.270" level="INFO">${header} = {'Authorization': 'Bearer eyJhbGciOiJIUzI1NiIsInR5cCI6IkpXVCJ9.eyJlbWFpbCI6ImZ1bGFub0BxYS5jb20iLCJwYXNzd29yZCI6InRlc3RlIiwiaWF0IjoxNjY1Njg1NDc5LCJleHAiOjE2NjU2ODYwNzl9.q-SLZwpBTknRVdQFUjm5nxvBR1KZPINR...</msg>
<status status="PASS" starttime="20221013 15:24:39.270" endtime="20221013 15:24:39.270"/>
</kw>
<kw name="DELETE On Session" library="RequestsLibrary">
<var>${response}</var>
<arg>serverest</arg>
<arg>/produtos/${id_produto}</arg>
<arg>headers=${header}</arg>
<arg>expected_status=anything</arg>
<doc>Sends a DELETE request on a previously created HTTP Session.</doc>
<msg timestamp="20221013 15:24:39.289" level="INFO">DELETE Request : url=http://localhost:3000/produtos/AJXpDGKJQxyZ20RC 
 path_url=/produtos/AJXpDGKJQxyZ20RC 
 headers={'User-Agent': 'python-requests/2.28.1', 'Accept-Encoding': 'gzip, deflate', 'Accept': '*/*', 'Connection': 'keep-alive', 'Authorization': 'Bearer eyJhbGciOiJIUzI1NiIsInR5cCI6IkpXVCJ9.eyJlbWFpbCI6ImZ1bGFub0BxYS5jb20iLCJwYXNzd29yZCI6InRlc3RlIiwiaWF0IjoxNjY1Njg1NDc5LCJleHAiOjE2NjU2ODYwNzl9.q-SLZwpBTknRVdQFUjm5nxvBR1KZPINRze3cetv_9og', 'Content-Length': '0'} 
 body=None 
 </msg>
<msg timestamp="20221013 15:24:39.290" level="INFO">DELETE Response : url=http://localhost:3000/produtos/AJXpDGKJQxyZ20RC 
 status=200, reason=OK 
 headers={'Access-Control-Allow-Origin': '*', 'x-dns-prefetch-control': 'off', 'x-frame-options': 'SAMEORIGIN', 'strict-transport-security': 'max-age=15552000; includeSubDomains', 'x-download-options': 'noopen', 'x-content-type-options': 'nosniff', 'x-xss-protection': '1; mode=block', 'x-moesif-transaction-id': 'ffc0fcb0-a64e-49f4-85a0-af80b496eeca', 'Content-Type': 'application/json; charset=utf-8', 'Content-Length': '51', 'Date': 'Thu, 13 Oct 2022 18:24:39 GMT', 'Connection': 'keep-alive', 'Keep-Alive': 'timeout=5'} 
 body={
    "message": "Registro excluído com sucesso"
} 
 </msg>
<msg timestamp="20221013 15:24:39.290" level="INFO">${response} = &lt;Response [200]&gt;</msg>
<status status="PASS" starttime="20221013 15:24:39.270" endtime="20221013 15:24:39.290"/>
</kw>
<kw name="Log To Console" library="BuiltIn">
<arg>${response.content}</arg>
<doc>Logs the given message to the console.</doc>
<status status="PASS" starttime="20221013 15:24:39.290" endtime="20221013 15:24:39.291"/>
</kw>
<kw name="Set Global Variable" library="BuiltIn">
<arg>${response}</arg>
<doc>Makes a variable available globally in all tests and suites.</doc>
<msg timestamp="20221013 15:24:39.291" level="INFO">${response} = &lt;Response [200]&gt;</msg>
<status status="PASS" starttime="20221013 15:24:39.291" endtime="20221013 15:24:39.291"/>
</kw>
<status status="PASS" starttime="20221013 15:24:39.269" endtime="20221013 15:24:39.291"/>
</kw>
<kw name="Validar Status Code &quot;200&quot;" sourcename="Validar Status Code &quot;${statuscode}&quot;">
<kw name="Should Be True" library="BuiltIn">
<arg>${response.status_code} == ${statuscode}</arg>
<doc>Fails if the given condition is not true.</doc>
<status status="PASS" starttime="20221013 15:24:39.292" endtime="20221013 15:24:39.293"/>
</kw>
<status status="PASS" starttime="20221013 15:24:39.291" endtime="20221013 15:24:39.293"/>
</kw>
<tag>DELETEPRODUTO</tag>
<status status="PASS" starttime="20221013 15:24:39.241" endtime="20221013 15:24:39.293"/>
</test>
<doc>Arquvo simples para realizar requsisões HTTP em APIs</doc>
<status status="PASS" starttime="20221013 15:24:39.117" endtime="20221013 15:24:39.294"/>
</suite>
<statistics>
<total>
<stat pass="1" fail="0" skip="0">All Tests</stat>
</total>
<tag>
<stat pass="1" fail="0" skip="0">DELETEPRODUTO</stat>
</tag>
<suite>
<stat pass="1" fail="0" skip="0" id="s1" name="Base">Base</stat>
</suite>
</statistics>
<errors>
</errors>
</robot>
