<?xml version="1.0" encoding="UTF-8"?>
<robot generator="Robot 5.0.1 (Python 3.10.7 on win32)" generated="20221017 02:49:30.725" rpa="false" schemaversion="3">
<suite id="s1" name="Base" source="C:\Users\felip\pb\Sprint 4\RoboTron_FelipeMalacarne_Compass\Robot_Framework_Basico\base.robot">
<test id="s1-t1" name="Cenario: Geral Rota Login" line="83">
<kw name="Criar Sessao">
<kw name="Create Session" library="RequestsLibrary">
<arg>serverest</arg>
<arg>${URL}</arg>
<doc>Create Session: create a HTTP session to a server</doc>
<msg timestamp="20221017 02:49:30.868" level="INFO">Creating Session using : alias=serverest, url=http://localhost:3000, headers={},                     cookies={}, auth=None, timeout=None, proxies=None, verify=False,                     debug=0 </msg>
<status status="PASS" starttime="20221017 02:49:30.868" endtime="20221017 02:49:30.868"/>
</kw>
<status status="PASS" starttime="20221017 02:49:30.866" endtime="20221017 02:49:30.869"/>
</kw>
<kw name="POST Login User Invalido 401" library="login_keywords">
<kw name="Importar Json Estatico" library="common">
<var>${json}</var>
<arg>login.json</arg>
<kw name="Get File" library="OperatingSystem">
<var>${arquivo}</var>
<arg>${EXECDIR}/jsons/${nome_arquivo}</arg>
<doc>Returns the contents of a specified file.</doc>
<msg timestamp="20221017 02:49:30.870" level="INFO" html="true">Getting file '&lt;a href="file://C:\Users\felip\pb\Sprint 4\RoboTron_FelipeMalacarne_Compass\Robot_Framework_Basico\jsons\login.json"&gt;C:\Users\felip\pb\Sprint 4\RoboTron_FelipeMalacarne_Compass\Robot_Framework_Basico\jsons\login.json&lt;/a&gt;'.</msg>
<msg timestamp="20221017 02:49:30.871" level="INFO">${arquivo} = {
    "user_valido":{
        "email":"fulano@qa.com",
        "password":"teste"
    },
    "user_invalido":{
        "email":"emailinexistente@gmail.com",
        "password":"teste123"
    },
    "u...</msg>
<status status="PASS" starttime="20221017 02:49:30.869" endtime="20221017 02:49:30.871"/>
</kw>
<kw name="Evaluate" library="BuiltIn">
<var>${data}</var>
<arg>json.loads('''${arquivo}''')</arg>
<arg>json</arg>
<doc>Evaluates the given expression in Python and returns the result.</doc>
<msg timestamp="20221017 02:49:30.872" level="INFO">${data} = {'user_valido': {'email': 'fulano@qa.com', 'password': 'teste'}, 'user_invalido': {'email': 'emailinexistente@gmail.com', 'password': 'teste123'}, 'user_sem_senha': {'email': 'fulano@qa.com', 'passwor...</msg>
<status status="PASS" starttime="20221017 02:49:30.871" endtime="20221017 02:49:30.872"/>
</kw>
<msg timestamp="20221017 02:49:30.872" level="INFO">${json} = {'user_valido': {'email': 'fulano@qa.com', 'password': 'teste'}, 'user_invalido': {'email': 'emailinexistente@gmail.com', 'password': 'teste123'}, 'user_sem_senha': {'email': 'fulano@qa.com', 'passwor...</msg>
<status status="PASS" starttime="20221017 02:49:30.869" endtime="20221017 02:49:30.872"/>
</kw>
<kw name="Set Variable" library="BuiltIn">
<var>${payload}</var>
<arg>${json["user_invalido"]}</arg>
<doc>Returns the given values which can then be assigned to a variables.</doc>
<msg timestamp="20221017 02:49:30.873" level="INFO">${payload} = {'email': 'emailinexistente@gmail.com', 'password': 'teste123'}</msg>
<status status="PASS" starttime="20221017 02:49:30.872" endtime="20221017 02:49:30.873"/>
</kw>
<kw name="Set Global Variable" library="BuiltIn">
<arg>${payload}</arg>
<doc>Makes a variable available globally in all tests and suites.</doc>
<msg timestamp="20221017 02:49:30.875" level="INFO">${payload} = {'email': 'emailinexistente@gmail.com', 'password': 'teste123'}</msg>
<status status="PASS" starttime="20221017 02:49:30.874" endtime="20221017 02:49:30.875"/>
</kw>
<kw name="POST Endpoint /login" library="login_keywords">
<kw name="POST On Session" library="RequestsLibrary">
<var>${response}</var>
<arg>serverest</arg>
<arg>/login</arg>
<arg>json=${payload}</arg>
<arg>expected_status=anything</arg>
<doc>Sends a POST request on a previously created HTTP Session.</doc>
<msg timestamp="20221017 02:49:30.887" level="INFO">POST Request : url=http://localhost:3000/login 
 path_url=/login 
 headers={'User-Agent': 'python-requests/2.28.1', 'Accept-Encoding': 'gzip, deflate', 'Accept': '*/*', 'Connection': 'keep-alive', 'Content-Length': '63', 'Content-Type': 'application/json'} 
 body=b'{"email": "emailinexistente@gmail.com", "password": "teste123"}' 
 </msg>
<msg timestamp="20221017 02:49:30.887" level="INFO">POST Response : url=http://localhost:3000/login 
 status=401, reason=Unauthorized 
 headers={'Access-Control-Allow-Origin': '*', 'x-dns-prefetch-control': 'off', 'x-frame-options': 'SAMEORIGIN', 'strict-transport-security': 'max-age=15552000; includeSubDomains', 'x-download-options': 'noopen', 'x-content-type-options': 'nosniff', 'x-xss-protection': '1; mode=block', 'x-moesif-transaction-id': 'a9762b4e-c24a-456e-b162-f9adb27527d4', 'Content-Type': 'application/json; charset=utf-8', 'Content-Length': '48', 'Date': 'Mon, 17 Oct 2022 05:49:30 GMT', 'Connection': 'keep-alive', 'Keep-Alive': 'timeout=5'} 
 body={
    "message": "Email e/ou senha inválidos"
} 
 </msg>
<msg timestamp="20221017 02:49:30.887" level="INFO">${response} = &lt;Response [401]&gt;</msg>
<status status="PASS" starttime="20221017 02:49:30.876" endtime="20221017 02:49:30.887"/>
</kw>
<kw name="Set Global Variable" library="BuiltIn">
<arg>${response}</arg>
<doc>Makes a variable available globally in all tests and suites.</doc>
<msg timestamp="20221017 02:49:30.888" level="INFO">${response} = &lt;Response [401]&gt;</msg>
<status status="PASS" starttime="20221017 02:49:30.888" endtime="20221017 02:49:30.888"/>
</kw>
<status status="PASS" starttime="20221017 02:49:30.875" endtime="20221017 02:49:30.888"/>
</kw>
<kw name="Status Should Be" library="RequestsLibrary">
<arg>401</arg>
<doc>Fails if response status code is different than the expected.</doc>
<status status="PASS" starttime="20221017 02:49:30.888" endtime="20221017 02:49:30.888"/>
</kw>
<status status="PASS" starttime="20221017 02:49:30.869" endtime="20221017 02:49:30.889"/>
</kw>
<kw name="POST Login User Sem Senha 400" library="login_keywords">
<kw name="Importar Json Estatico" library="common">
<var>${json}</var>
<arg>login.json</arg>
<kw name="Get File" library="OperatingSystem">
<var>${arquivo}</var>
<arg>${EXECDIR}/jsons/${nome_arquivo}</arg>
<doc>Returns the contents of a specified file.</doc>
<msg timestamp="20221017 02:49:30.890" level="INFO" html="true">Getting file '&lt;a href="file://C:\Users\felip\pb\Sprint 4\RoboTron_FelipeMalacarne_Compass\Robot_Framework_Basico\jsons\login.json"&gt;C:\Users\felip\pb\Sprint 4\RoboTron_FelipeMalacarne_Compass\Robot_Framework_Basico\jsons\login.json&lt;/a&gt;'.</msg>
<msg timestamp="20221017 02:49:30.890" level="INFO">${arquivo} = {
    "user_valido":{
        "email":"fulano@qa.com",
        "password":"teste"
    },
    "user_invalido":{
        "email":"emailinexistente@gmail.com",
        "password":"teste123"
    },
    "u...</msg>
<status status="PASS" starttime="20221017 02:49:30.889" endtime="20221017 02:49:30.890"/>
</kw>
<kw name="Evaluate" library="BuiltIn">
<var>${data}</var>
<arg>json.loads('''${arquivo}''')</arg>
<arg>json</arg>
<doc>Evaluates the given expression in Python and returns the result.</doc>
<msg timestamp="20221017 02:49:30.890" level="INFO">${data} = {'user_valido': {'email': 'fulano@qa.com', 'password': 'teste'}, 'user_invalido': {'email': 'emailinexistente@gmail.com', 'password': 'teste123'}, 'user_sem_senha': {'email': 'fulano@qa.com', 'passwor...</msg>
<status status="PASS" starttime="20221017 02:49:30.890" endtime="20221017 02:49:30.890"/>
</kw>
<msg timestamp="20221017 02:49:30.891" level="INFO">${json} = {'user_valido': {'email': 'fulano@qa.com', 'password': 'teste'}, 'user_invalido': {'email': 'emailinexistente@gmail.com', 'password': 'teste123'}, 'user_sem_senha': {'email': 'fulano@qa.com', 'passwor...</msg>
<status status="PASS" starttime="20221017 02:49:30.889" endtime="20221017 02:49:30.891"/>
</kw>
<kw name="Set Variable" library="BuiltIn">
<var>${payload}</var>
<arg>${json["user_sem_senha"]}</arg>
<doc>Returns the given values which can then be assigned to a variables.</doc>
<msg timestamp="20221017 02:49:30.891" level="INFO">${payload} = {'email': 'fulano@qa.com', 'password': ''}</msg>
<status status="PASS" starttime="20221017 02:49:30.891" endtime="20221017 02:49:30.891"/>
</kw>
<kw name="Set Global Variable" library="BuiltIn">
<arg>${payload}</arg>
<doc>Makes a variable available globally in all tests and suites.</doc>
<msg timestamp="20221017 02:49:30.892" level="INFO">${payload} = {'email': 'fulano@qa.com', 'password': ''}</msg>
<status status="PASS" starttime="20221017 02:49:30.892" endtime="20221017 02:49:30.892"/>
</kw>
<kw name="POST Endpoint /login" library="login_keywords">
<kw name="POST On Session" library="RequestsLibrary">
<var>${response}</var>
<arg>serverest</arg>
<arg>/login</arg>
<arg>json=${payload}</arg>
<arg>expected_status=anything</arg>
<doc>Sends a POST request on a previously created HTTP Session.</doc>
<msg timestamp="20221017 02:49:30.896" level="INFO">POST Request : url=http://localhost:3000/login 
 path_url=/login 
 headers={'User-Agent': 'python-requests/2.28.1', 'Accept-Encoding': 'gzip, deflate', 'Accept': '*/*', 'Connection': 'keep-alive', 'Content-Length': '42', 'Content-Type': 'application/json'} 
 body=b'{"email": "fulano@qa.com", "password": ""}' 
 </msg>
<msg timestamp="20221017 02:49:30.896" level="INFO">POST Response : url=http://localhost:3000/login 
 status=400, reason=Bad Request 
 headers={'Access-Control-Allow-Origin': '*', 'x-dns-prefetch-control': 'off', 'x-frame-options': 'SAMEORIGIN', 'strict-transport-security': 'max-age=15552000; includeSubDomains', 'x-download-options': 'noopen', 'x-content-type-options': 'nosniff', 'x-xss-protection': '1; mode=block', 'x-moesif-transaction-id': '4860cf1e-266e-4049-895c-4ae300612424', 'Content-Type': 'application/json; charset=utf-8', 'Content-Length': '56', 'Date': 'Mon, 17 Oct 2022 05:49:30 GMT', 'Connection': 'keep-alive', 'Keep-Alive': 'timeout=5'} 
 body={
    "password": "password não pode ficar em branco"
} 
 </msg>
<msg timestamp="20221017 02:49:30.896" level="INFO">${response} = &lt;Response [400]&gt;</msg>
<status status="PASS" starttime="20221017 02:49:30.892" endtime="20221017 02:49:30.897"/>
</kw>
<kw name="Set Global Variable" library="BuiltIn">
<arg>${response}</arg>
<doc>Makes a variable available globally in all tests and suites.</doc>
<msg timestamp="20221017 02:49:30.897" level="INFO">${response} = &lt;Response [400]&gt;</msg>
<status status="PASS" starttime="20221017 02:49:30.897" endtime="20221017 02:49:30.898"/>
</kw>
<status status="PASS" starttime="20221017 02:49:30.892" endtime="20221017 02:49:30.898"/>
</kw>
<kw name="Status Should Be" library="RequestsLibrary">
<arg>400</arg>
<doc>Fails if response status code is different than the expected.</doc>
<status status="PASS" starttime="20221017 02:49:30.898" endtime="20221017 02:49:30.898"/>
</kw>
<status status="PASS" starttime="20221017 02:49:30.889" endtime="20221017 02:49:30.898"/>
</kw>
<kw name="POST Login User Sem Email 400" library="login_keywords">
<kw name="Importar Json Estatico" library="common">
<var>${json}</var>
<arg>login.json</arg>
<kw name="Get File" library="OperatingSystem">
<var>${arquivo}</var>
<arg>${EXECDIR}/jsons/${nome_arquivo}</arg>
<doc>Returns the contents of a specified file.</doc>
<msg timestamp="20221017 02:49:30.902" level="INFO" html="true">Getting file '&lt;a href="file://C:\Users\felip\pb\Sprint 4\RoboTron_FelipeMalacarne_Compass\Robot_Framework_Basico\jsons\login.json"&gt;C:\Users\felip\pb\Sprint 4\RoboTron_FelipeMalacarne_Compass\Robot_Framework_Basico\jsons\login.json&lt;/a&gt;'.</msg>
<msg timestamp="20221017 02:49:30.902" level="INFO">${arquivo} = {
    "user_valido":{
        "email":"fulano@qa.com",
        "password":"teste"
    },
    "user_invalido":{
        "email":"emailinexistente@gmail.com",
        "password":"teste123"
    },
    "u...</msg>
<status status="PASS" starttime="20221017 02:49:30.901" endtime="20221017 02:49:30.902"/>
</kw>
<kw name="Evaluate" library="BuiltIn">
<var>${data}</var>
<arg>json.loads('''${arquivo}''')</arg>
<arg>json</arg>
<doc>Evaluates the given expression in Python and returns the result.</doc>
<msg timestamp="20221017 02:49:30.903" level="INFO">${data} = {'user_valido': {'email': 'fulano@qa.com', 'password': 'teste'}, 'user_invalido': {'email': 'emailinexistente@gmail.com', 'password': 'teste123'}, 'user_sem_senha': {'email': 'fulano@qa.com', 'passwor...</msg>
<status status="PASS" starttime="20221017 02:49:30.902" endtime="20221017 02:49:30.903"/>
</kw>
<msg timestamp="20221017 02:49:30.903" level="INFO">${json} = {'user_valido': {'email': 'fulano@qa.com', 'password': 'teste'}, 'user_invalido': {'email': 'emailinexistente@gmail.com', 'password': 'teste123'}, 'user_sem_senha': {'email': 'fulano@qa.com', 'passwor...</msg>
<status status="PASS" starttime="20221017 02:49:30.901" endtime="20221017 02:49:30.903"/>
</kw>
<kw name="Set Variable" library="BuiltIn">
<var>${payload}</var>
<arg>${json["user_sem_email"]}</arg>
<doc>Returns the given values which can then be assigned to a variables.</doc>
<msg timestamp="20221017 02:49:30.904" level="INFO">${payload} = {'email': '', 'password': 'teste'}</msg>
<status status="PASS" starttime="20221017 02:49:30.903" endtime="20221017 02:49:30.904"/>
</kw>
<kw name="Set Global Variable" library="BuiltIn">
<arg>${payload}</arg>
<doc>Makes a variable available globally in all tests and suites.</doc>
<msg timestamp="20221017 02:49:30.904" level="INFO">${payload} = {'email': '', 'password': 'teste'}</msg>
<status status="PASS" starttime="20221017 02:49:30.904" endtime="20221017 02:49:30.904"/>
</kw>
<kw name="POST Endpoint /login" library="login_keywords">
<kw name="POST On Session" library="RequestsLibrary">
<var>${response}</var>
<arg>serverest</arg>
<arg>/login</arg>
<arg>json=${payload}</arg>
<arg>expected_status=anything</arg>
<doc>Sends a POST request on a previously created HTTP Session.</doc>
<msg timestamp="20221017 02:49:30.909" level="INFO">POST Request : url=http://localhost:3000/login 
 path_url=/login 
 headers={'User-Agent': 'python-requests/2.28.1', 'Accept-Encoding': 'gzip, deflate', 'Accept': '*/*', 'Connection': 'keep-alive', 'Content-Length': '34', 'Content-Type': 'application/json'} 
 body=b'{"email": "", "password": "teste"}' 
 </msg>
<msg timestamp="20221017 02:49:30.909" level="INFO">POST Response : url=http://localhost:3000/login 
 status=400, reason=Bad Request 
 headers={'Access-Control-Allow-Origin': '*', 'x-dns-prefetch-control': 'off', 'x-frame-options': 'SAMEORIGIN', 'strict-transport-security': 'max-age=15552000; includeSubDomains', 'x-download-options': 'noopen', 'x-content-type-options': 'nosniff', 'x-xss-protection': '1; mode=block', 'x-moesif-transaction-id': 'f22ca603-8b4f-428d-bc38-563553ba5040', 'Content-Type': 'application/json; charset=utf-8', 'Content-Length': '50', 'Date': 'Mon, 17 Oct 2022 05:49:30 GMT', 'Connection': 'keep-alive', 'Keep-Alive': 'timeout=5'} 
 body={
    "email": "email não pode ficar em branco"
} 
 </msg>
<msg timestamp="20221017 02:49:30.909" level="INFO">${response} = &lt;Response [400]&gt;</msg>
<status status="PASS" starttime="20221017 02:49:30.905" endtime="20221017 02:49:30.909"/>
</kw>
<kw name="Set Global Variable" library="BuiltIn">
<arg>${response}</arg>
<doc>Makes a variable available globally in all tests and suites.</doc>
<msg timestamp="20221017 02:49:30.910" level="INFO">${response} = &lt;Response [400]&gt;</msg>
<status status="PASS" starttime="20221017 02:49:30.909" endtime="20221017 02:49:30.910"/>
</kw>
<status status="PASS" starttime="20221017 02:49:30.905" endtime="20221017 02:49:30.910"/>
</kw>
<kw name="Status Should Be" library="RequestsLibrary">
<arg>400</arg>
<doc>Fails if response status code is different than the expected.</doc>
<status status="PASS" starttime="20221017 02:49:30.910" endtime="20221017 02:49:30.911"/>
</kw>
<status status="PASS" starttime="20221017 02:49:30.900" endtime="20221017 02:49:30.911"/>
</kw>
<kw name="POST Login Usuario Valido 200" library="login_keywords">
<kw name="Importar Json Estatico" library="common">
<var>${json}</var>
<arg>login.json</arg>
<kw name="Get File" library="OperatingSystem">
<var>${arquivo}</var>
<arg>${EXECDIR}/jsons/${nome_arquivo}</arg>
<doc>Returns the contents of a specified file.</doc>
<msg timestamp="20221017 02:49:30.914" level="INFO" html="true">Getting file '&lt;a href="file://C:\Users\felip\pb\Sprint 4\RoboTron_FelipeMalacarne_Compass\Robot_Framework_Basico\jsons\login.json"&gt;C:\Users\felip\pb\Sprint 4\RoboTron_FelipeMalacarne_Compass\Robot_Framework_Basico\jsons\login.json&lt;/a&gt;'.</msg>
<msg timestamp="20221017 02:49:30.914" level="INFO">${arquivo} = {
    "user_valido":{
        "email":"fulano@qa.com",
        "password":"teste"
    },
    "user_invalido":{
        "email":"emailinexistente@gmail.com",
        "password":"teste123"
    },
    "u...</msg>
<status status="PASS" starttime="20221017 02:49:30.913" endtime="20221017 02:49:30.914"/>
</kw>
<kw name="Evaluate" library="BuiltIn">
<var>${data}</var>
<arg>json.loads('''${arquivo}''')</arg>
<arg>json</arg>
<doc>Evaluates the given expression in Python and returns the result.</doc>
<msg timestamp="20221017 02:49:30.916" level="INFO">${data} = {'user_valido': {'email': 'fulano@qa.com', 'password': 'teste'}, 'user_invalido': {'email': 'emailinexistente@gmail.com', 'password': 'teste123'}, 'user_sem_senha': {'email': 'fulano@qa.com', 'passwor...</msg>
<status status="PASS" starttime="20221017 02:49:30.915" endtime="20221017 02:49:30.916"/>
</kw>
<msg timestamp="20221017 02:49:30.916" level="INFO">${json} = {'user_valido': {'email': 'fulano@qa.com', 'password': 'teste'}, 'user_invalido': {'email': 'emailinexistente@gmail.com', 'password': 'teste123'}, 'user_sem_senha': {'email': 'fulano@qa.com', 'passwor...</msg>
<status status="PASS" starttime="20221017 02:49:30.912" endtime="20221017 02:49:30.916"/>
</kw>
<kw name="Set Variable" library="BuiltIn">
<var>${payload}</var>
<arg>${json["user_valido"]}</arg>
<doc>Returns the given values which can then be assigned to a variables.</doc>
<msg timestamp="20221017 02:49:30.917" level="INFO">${payload} = {'email': 'fulano@qa.com', 'password': 'teste'}</msg>
<status status="PASS" starttime="20221017 02:49:30.916" endtime="20221017 02:49:30.917"/>
</kw>
<kw name="Set Global Variable" library="BuiltIn">
<arg>${payload}</arg>
<doc>Makes a variable available globally in all tests and suites.</doc>
<msg timestamp="20221017 02:49:30.918" level="INFO">${payload} = {'email': 'fulano@qa.com', 'password': 'teste'}</msg>
<status status="PASS" starttime="20221017 02:49:30.917" endtime="20221017 02:49:30.918"/>
</kw>
<kw name="POST Endpoint /login" library="login_keywords">
<kw name="POST On Session" library="RequestsLibrary">
<var>${response}</var>
<arg>serverest</arg>
<arg>/login</arg>
<arg>json=${payload}</arg>
<arg>expected_status=anything</arg>
<doc>Sends a POST request on a previously created HTTP Session.</doc>
<msg timestamp="20221017 02:49:30.922" level="INFO">POST Request : url=http://localhost:3000/login 
 path_url=/login 
 headers={'User-Agent': 'python-requests/2.28.1', 'Accept-Encoding': 'gzip, deflate', 'Accept': '*/*', 'Connection': 'keep-alive', 'Content-Length': '47', 'Content-Type': 'application/json'} 
 body=b'{"email": "fulano@qa.com", "password": "teste"}' 
 </msg>
<msg timestamp="20221017 02:49:30.922" level="INFO">POST Response : url=http://localhost:3000/login 
 status=200, reason=OK 
 headers={'Access-Control-Allow-Origin': '*', 'x-dns-prefetch-control': 'off', 'x-frame-options': 'SAMEORIGIN', 'strict-transport-security': 'max-age=15552000; includeSubDomains', 'x-download-options': 'noopen', 'x-content-type-options': 'nosniff', 'x-xss-protection': '1; mode=block', 'x-moesif-transaction-id': '11c42088-2642-441b-9588-fd98a9af9bbf', 'Content-Type': 'application/json; charset=utf-8', 'Content-Length': '265', 'Date': 'Mon, 17 Oct 2022 05:49:30 GMT', 'Connection': 'keep-alive', 'Keep-Alive': 'timeout=5'} 
 body={
    "message": "Login realizado com sucesso",
    "authorization": "Bearer eyJhbGciOiJIUzI1NiIsInR5cCI6IkpXVCJ9.eyJlbWFpbCI6ImZ1bGFub0BxYS5jb20iLCJwYXNzd29yZCI6InRlc3RlIiwiaWF0IjoxNjY1OTg1NzcwLCJleHAiOjE2NjU5ODYzNzB9.hjeoC61nFNASdso3e0_6rkZz42n3WUXe7zhF7cFTf98"
} 
 </msg>
<msg timestamp="20221017 02:49:30.923" level="INFO">${response} = &lt;Response [200]&gt;</msg>
<status status="PASS" starttime="20221017 02:49:30.918" endtime="20221017 02:49:30.923"/>
</kw>
<kw name="Set Global Variable" library="BuiltIn">
<arg>${response}</arg>
<doc>Makes a variable available globally in all tests and suites.</doc>
<msg timestamp="20221017 02:49:30.923" level="INFO">${response} = &lt;Response [200]&gt;</msg>
<status status="PASS" starttime="20221017 02:49:30.923" endtime="20221017 02:49:30.923"/>
</kw>
<status status="PASS" starttime="20221017 02:49:30.918" endtime="20221017 02:49:30.923"/>
</kw>
<kw name="Status Should Be" library="RequestsLibrary">
<arg>200</arg>
<doc>Fails if response status code is different than the expected.</doc>
<status status="PASS" starttime="20221017 02:49:30.924" endtime="20221017 02:49:30.924"/>
</kw>
<status status="PASS" starttime="20221017 02:49:30.911" endtime="20221017 02:49:30.924"/>
</kw>
<kw name="Validar Ter Logado" library="login_keywords">
<kw name="Should Be Equal" library="BuiltIn">
<arg>${response.json()["message"]}</arg>
<arg>Login realizado com sucesso</arg>
<doc>Fails if the given objects are unequal.</doc>
<status status="PASS" starttime="20221017 02:49:30.925" endtime="20221017 02:49:30.925"/>
</kw>
<kw name="Should Not Be Empty" library="BuiltIn">
<arg>${response.json()["authorization"]}</arg>
<doc>Verifies that the given item is not empty.</doc>
<msg timestamp="20221017 02:49:30.926" level="INFO">Length is 192</msg>
<status status="PASS" starttime="20221017 02:49:30.925" endtime="20221017 02:49:30.926"/>
</kw>
<kw name="Status Should Be" library="RequestsLibrary">
<arg>200</arg>
<doc>Fails if response status code is different than the expected.</doc>
<status status="PASS" starttime="20221017 02:49:30.926" endtime="20221017 02:49:30.926"/>
</kw>
<status status="PASS" starttime="20221017 02:49:30.924" endtime="20221017 02:49:30.927"/>
</kw>
<tag>ROTAS</tag>
<status status="PASS" starttime="20221017 02:49:30.866" endtime="20221017 02:49:30.927"/>
</test>
<test id="s1-t2" name="Cenario: Geral Rota Usuarios" line="92">
<kw name="Criar Sessao">
<kw name="Create Session" library="RequestsLibrary">
<arg>serverest</arg>
<arg>${URL}</arg>
<doc>Create Session: create a HTTP session to a server</doc>
<msg timestamp="20221017 02:49:30.929" level="INFO">Creating Session using : alias=serverest, url=http://localhost:3000, headers={},                     cookies={}, auth=None, timeout=None, proxies=None, verify=False,                     debug=0 </msg>
<status status="PASS" starttime="20221017 02:49:30.929" endtime="20221017 02:49:30.929"/>
</kw>
<status status="PASS" starttime="20221017 02:49:30.928" endtime="20221017 02:49:30.929"/>
</kw>
<kw name="GET Endpoint /Usuarios" library="usuarios_keywords">
<kw name="GET On Session" library="RequestsLibrary">
<var>${response}</var>
<arg>serverest</arg>
<arg>/usuarios</arg>
<doc>Sends a GET request on a previously created HTTP Session.</doc>
<msg timestamp="20221017 02:49:30.934" level="INFO">GET Request : url=http://localhost:3000/usuarios 
 path_url=/usuarios 
 headers={'User-Agent': 'python-requests/2.28.1', 'Accept-Encoding': 'gzip, deflate', 'Accept': '*/*', 'Connection': 'keep-alive'} 
 body=None 
 </msg>
<msg timestamp="20221017 02:49:30.934" level="INFO">GET Response : url=http://localhost:3000/usuarios 
 status=200, reason=OK 
 headers={'Access-Control-Allow-Origin': '*', 'x-dns-prefetch-control': 'off', 'x-frame-options': 'SAMEORIGIN', 'strict-transport-security': 'max-age=15552000; includeSubDomains', 'x-download-options': 'noopen', 'x-content-type-options': 'nosniff', 'x-xss-protection': '1; mode=block', 'x-moesif-transaction-id': '35866c19-b574-465e-ad23-7d12519a4272', 'Content-Type': 'application/json; charset=utf-8', 'Content-Length': '477', 'Date': 'Mon, 17 Oct 2022 05:49:30 GMT', 'Connection': 'keep-alive', 'Keep-Alive': 'timeout=5'} 
 body={
    "quantidade": 2,
    "usuarios": [
        {
            "nome": "Fulano da Silva",
            "email": "fulano@qa.com",
            "password": "teste",
            "administrador": "true",
            "_id": "0uxuPY0cbmQhpEz1"
        },
        {
            "nome": "Felipe Malacarne",
            "email": "felipemalacarne12@gmail.com",
            "password": "teste123",
            "administrador": "true",
            "_id": "oCpPHB6fxLcOggjT"
        }
    ]
} 
 </msg>
<msg timestamp="20221017 02:49:30.934" level="INFO">${response} = &lt;Response [200]&gt;</msg>
<status status="PASS" starttime="20221017 02:49:30.930" endtime="20221017 02:49:30.934"/>
</kw>
<kw name="Set Global Variable" library="BuiltIn">
<arg>${response}</arg>
<doc>Makes a variable available globally in all tests and suites.</doc>
<msg timestamp="20221017 02:49:30.935" level="INFO">${response} = &lt;Response [200]&gt;</msg>
<status status="PASS" starttime="20221017 02:49:30.935" endtime="20221017 02:49:30.935"/>
</kw>
<kw name="Status Should Be" library="RequestsLibrary">
<arg>200</arg>
<doc>Fails if response status code is different than the expected.</doc>
<status status="PASS" starttime="20221017 02:49:30.935" endtime="20221017 02:49:30.935"/>
</kw>
<kw name="Should Not Be Empty" library="BuiltIn">
<arg>${response.json()["usuarios"]}</arg>
<doc>Verifies that the given item is not empty.</doc>
<msg timestamp="20221017 02:49:30.936" level="INFO">Length is 2</msg>
<status status="PASS" starttime="20221017 02:49:30.935" endtime="20221017 02:49:30.936"/>
</kw>
<status status="PASS" starttime="20221017 02:49:30.930" endtime="20221017 02:49:30.936"/>
</kw>
<kw name=" POST Usuarios User Cadastrado 400" library="usuarios_keywords">
<kw name="Criar Payload Estatico &quot;usuarios.json&quot; &quot;user_invalido&quot;" library="common" sourcename="Criar Payload Estatico &quot;${json}&quot; &quot;${key}&quot;">
<kw name="Importar Json Estatico" library="common">
<var>${json}</var>
<arg>${json}</arg>
<kw name="Get File" library="OperatingSystem">
<var>${arquivo}</var>
<arg>${EXECDIR}/jsons/${nome_arquivo}</arg>
<doc>Returns the contents of a specified file.</doc>
<msg timestamp="20221017 02:49:30.938" level="INFO" html="true">Getting file '&lt;a href="file://C:\Users\felip\pb\Sprint 4\RoboTron_FelipeMalacarne_Compass\Robot_Framework_Basico\jsons\usuarios.json"&gt;C:\Users\felip\pb\Sprint 4\RoboTron_FelipeMalacarne_Compass\Robot_Framework_Basico\jsons\usuarios.json&lt;/a&gt;'.</msg>
<msg timestamp="20221017 02:49:30.938" level="INFO">${arquivo} = {
    "user_valido":{
        "nome": "Felipe Malacarne",
        "email": "felipemalacarne1200@gmail.com",
        "password": "teste123",
        "administrador": "true"
    },
    "user_invalido":{...</msg>
<status status="PASS" starttime="20221017 02:49:30.937" endtime="20221017 02:49:30.938"/>
</kw>
<kw name="Evaluate" library="BuiltIn">
<var>${data}</var>
<arg>json.loads('''${arquivo}''')</arg>
<arg>json</arg>
<doc>Evaluates the given expression in Python and returns the result.</doc>
<msg timestamp="20221017 02:49:30.939" level="INFO">${data} = {'user_valido': {'nome': 'Felipe Malacarne', 'email': 'felipemalacarne1200@gmail.com', 'password': 'teste123', 'administrador': 'true'}, 'user_invalido': {'nome': 'user_invalido', 'email': 'fulano@qa....</msg>
<status status="PASS" starttime="20221017 02:49:30.938" endtime="20221017 02:49:30.939"/>
</kw>
<msg timestamp="20221017 02:49:30.939" level="INFO">${json} = {'user_valido': {'nome': 'Felipe Malacarne', 'email': 'felipemalacarne1200@gmail.com', 'password': 'teste123', 'administrador': 'true'}, 'user_invalido': {'nome': 'user_invalido', 'email': 'fulano@qa....</msg>
<status status="PASS" starttime="20221017 02:49:30.937" endtime="20221017 02:49:30.939"/>
</kw>
<kw name="Set Variable" library="BuiltIn">
<var>${payload}</var>
<arg>${json["${key}"]}</arg>
<doc>Returns the given values which can then be assigned to a variables.</doc>
<msg timestamp="20221017 02:49:30.939" level="INFO">${payload} = {'nome': 'user_invalido', 'email': 'fulano@qa.com', 'password': 'teste', 'administrador': 'true'}</msg>
<status status="PASS" starttime="20221017 02:49:30.939" endtime="20221017 02:49:30.939"/>
</kw>
<kw name="Set Global Variable" library="BuiltIn">
<arg>${payload}</arg>
<doc>Makes a variable available globally in all tests and suites.</doc>
<msg timestamp="20221017 02:49:30.940" level="INFO">${payload} = {'nome': 'user_invalido', 'email': 'fulano@qa.com', 'password': 'teste', 'administrador': 'true'}</msg>
<status status="PASS" starttime="20221017 02:49:30.940" endtime="20221017 02:49:30.940"/>
</kw>
<status status="PASS" starttime="20221017 02:49:30.937" endtime="20221017 02:49:30.940"/>
</kw>
<kw name="POST Endpoint /Usuarios" library="usuarios_keywords">
<kw name="POST On Session" library="RequestsLibrary">
<var>${response}</var>
<arg>serverest</arg>
<arg>/usuarios</arg>
<arg>json=&amp;{payload}</arg>
<arg>expected_status=anything</arg>
<doc>Sends a POST request on a previously created HTTP Session.</doc>
<msg timestamp="20221017 02:49:30.944" level="INFO">POST Request : url=http://localhost:3000/usuarios 
 path_url=/usuarios 
 headers={'User-Agent': 'python-requests/2.28.1', 'Accept-Encoding': 'gzip, deflate', 'Accept': '*/*', 'Connection': 'keep-alive', 'Content-Length': '97', 'Content-Type': 'application/json'} 
 body=b'{"nome": "user_invalido", "email": "fulano@qa.com", "password": "teste", "administrador": "true"}' 
 </msg>
<msg timestamp="20221017 02:49:30.944" level="INFO">POST Response : url=http://localhost:3000/usuarios 
 status=400, reason=Bad Request 
 headers={'Access-Control-Allow-Origin': '*', 'x-dns-prefetch-control': 'off', 'x-frame-options': 'SAMEORIGIN', 'strict-transport-security': 'max-age=15552000; includeSubDomains', 'x-download-options': 'noopen', 'x-content-type-options': 'nosniff', 'x-xss-protection': '1; mode=block', 'x-moesif-transaction-id': '50c7e7f4-ac78-4019-99b0-be13b237c6d0', 'Content-Type': 'application/json; charset=utf-8', 'Content-Length': '53', 'Date': 'Mon, 17 Oct 2022 05:49:30 GMT', 'Connection': 'keep-alive', 'Keep-Alive': 'timeout=5'} 
 body={
    "message": "Este email já está sendo usado"
} 
 </msg>
<msg timestamp="20221017 02:49:30.944" level="INFO">${response} = &lt;Response [400]&gt;</msg>
<status status="PASS" starttime="20221017 02:49:30.940" endtime="20221017 02:49:30.944"/>
</kw>
<kw name="Set Global Variable" library="BuiltIn">
<arg>${response}</arg>
<doc>Makes a variable available globally in all tests and suites.</doc>
<msg timestamp="20221017 02:49:30.944" level="INFO">${response} = &lt;Response [400]&gt;</msg>
<status status="PASS" starttime="20221017 02:49:30.944" endtime="20221017 02:49:30.944"/>
</kw>
<status status="PASS" starttime="20221017 02:49:30.940" endtime="20221017 02:49:30.945"/>
</kw>
<kw name="Status Should Be" library="RequestsLibrary">
<arg>400</arg>
<doc>Fails if response status code is different than the expected.</doc>
<status status="PASS" starttime="20221017 02:49:30.945" endtime="20221017 02:49:30.945"/>
</kw>
<kw name="Should Be Equal" library="BuiltIn">
<arg>${response.json()["message"]}</arg>
<arg>Este email já está sendo usado</arg>
<doc>Fails if the given objects are unequal.</doc>
<status status="PASS" starttime="20221017 02:49:30.945" endtime="20221017 02:49:30.945"/>
</kw>
<status status="PASS" starttime="20221017 02:49:30.936" endtime="20221017 02:49:30.946"/>
</kw>
<kw name="POST Usuarios User Sem Email 400" library="usuarios_keywords">
<kw name="Criar Payload Estatico &quot;usuarios.json&quot; &quot;user_sem_email&quot;" library="common" sourcename="Criar Payload Estatico &quot;${json}&quot; &quot;${key}&quot;">
<kw name="Importar Json Estatico" library="common">
<var>${json}</var>
<arg>${json}</arg>
<kw name="Get File" library="OperatingSystem">
<var>${arquivo}</var>
<arg>${EXECDIR}/jsons/${nome_arquivo}</arg>
<doc>Returns the contents of a specified file.</doc>
<msg timestamp="20221017 02:49:30.948" level="INFO" html="true">Getting file '&lt;a href="file://C:\Users\felip\pb\Sprint 4\RoboTron_FelipeMalacarne_Compass\Robot_Framework_Basico\jsons\usuarios.json"&gt;C:\Users\felip\pb\Sprint 4\RoboTron_FelipeMalacarne_Compass\Robot_Framework_Basico\jsons\usuarios.json&lt;/a&gt;'.</msg>
<msg timestamp="20221017 02:49:30.948" level="INFO">${arquivo} = {
    "user_valido":{
        "nome": "Felipe Malacarne",
        "email": "felipemalacarne1200@gmail.com",
        "password": "teste123",
        "administrador": "true"
    },
    "user_invalido":{...</msg>
<status status="PASS" starttime="20221017 02:49:30.948" endtime="20221017 02:49:30.948"/>
</kw>
<kw name="Evaluate" library="BuiltIn">
<var>${data}</var>
<arg>json.loads('''${arquivo}''')</arg>
<arg>json</arg>
<doc>Evaluates the given expression in Python and returns the result.</doc>
<msg timestamp="20221017 02:49:30.949" level="INFO">${data} = {'user_valido': {'nome': 'Felipe Malacarne', 'email': 'felipemalacarne1200@gmail.com', 'password': 'teste123', 'administrador': 'true'}, 'user_invalido': {'nome': 'user_invalido', 'email': 'fulano@qa....</msg>
<status status="PASS" starttime="20221017 02:49:30.949" endtime="20221017 02:49:30.949"/>
</kw>
<msg timestamp="20221017 02:49:30.949" level="INFO">${json} = {'user_valido': {'nome': 'Felipe Malacarne', 'email': 'felipemalacarne1200@gmail.com', 'password': 'teste123', 'administrador': 'true'}, 'user_invalido': {'nome': 'user_invalido', 'email': 'fulano@qa....</msg>
<status status="PASS" starttime="20221017 02:49:30.947" endtime="20221017 02:49:30.949"/>
</kw>
<kw name="Set Variable" library="BuiltIn">
<var>${payload}</var>
<arg>${json["${key}"]}</arg>
<doc>Returns the given values which can then be assigned to a variables.</doc>
<msg timestamp="20221017 02:49:30.950" level="INFO">${payload} = {'nome': 'James Bond', 'email': '', 'password': '123', 'administrador': 'true'}</msg>
<status status="PASS" starttime="20221017 02:49:30.949" endtime="20221017 02:49:30.950"/>
</kw>
<kw name="Set Global Variable" library="BuiltIn">
<arg>${payload}</arg>
<doc>Makes a variable available globally in all tests and suites.</doc>
<msg timestamp="20221017 02:49:30.950" level="INFO">${payload} = {'nome': 'James Bond', 'email': '', 'password': '123', 'administrador': 'true'}</msg>
<status status="PASS" starttime="20221017 02:49:30.950" endtime="20221017 02:49:30.950"/>
</kw>
<status status="PASS" starttime="20221017 02:49:30.947" endtime="20221017 02:49:30.950"/>
</kw>
<kw name="POST Endpoint /Usuarios" library="usuarios_keywords">
<kw name="POST On Session" library="RequestsLibrary">
<var>${response}</var>
<arg>serverest</arg>
<arg>/usuarios</arg>
<arg>json=&amp;{payload}</arg>
<arg>expected_status=anything</arg>
<doc>Sends a POST request on a previously created HTTP Session.</doc>
<msg timestamp="20221017 02:49:30.953" level="INFO">POST Request : url=http://localhost:3000/usuarios 
 path_url=/usuarios 
 headers={'User-Agent': 'python-requests/2.28.1', 'Accept-Encoding': 'gzip, deflate', 'Accept': '*/*', 'Connection': 'keep-alive', 'Content-Length': '79', 'Content-Type': 'application/json'} 
 body=b'{"nome": "James Bond", "email": "", "password": "123", "administrador": "true"}' 
 </msg>
<msg timestamp="20221017 02:49:30.953" level="INFO">POST Response : url=http://localhost:3000/usuarios 
 status=400, reason=Bad Request 
 headers={'Access-Control-Allow-Origin': '*', 'x-dns-prefetch-control': 'off', 'x-frame-options': 'SAMEORIGIN', 'strict-transport-security': 'max-age=15552000; includeSubDomains', 'x-download-options': 'noopen', 'x-content-type-options': 'nosniff', 'x-xss-protection': '1; mode=block', 'x-moesif-transaction-id': 'b4100e18-993e-407b-bdab-a00bb60ce752', 'Content-Type': 'application/json; charset=utf-8', 'Content-Length': '50', 'Date': 'Mon, 17 Oct 2022 05:49:30 GMT', 'Connection': 'keep-alive', 'Keep-Alive': 'timeout=5'} 
 body={
    "email": "email não pode ficar em branco"
} 
 </msg>
<msg timestamp="20221017 02:49:30.953" level="INFO">${response} = &lt;Response [400]&gt;</msg>
<status status="PASS" starttime="20221017 02:49:30.951" endtime="20221017 02:49:30.953"/>
</kw>
<kw name="Set Global Variable" library="BuiltIn">
<arg>${response}</arg>
<doc>Makes a variable available globally in all tests and suites.</doc>
<msg timestamp="20221017 02:49:30.954" level="INFO">${response} = &lt;Response [400]&gt;</msg>
<status status="PASS" starttime="20221017 02:49:30.954" endtime="20221017 02:49:30.954"/>
</kw>
<status status="PASS" starttime="20221017 02:49:30.950" endtime="20221017 02:49:30.954"/>
</kw>
<kw name="Status Should Be" library="RequestsLibrary">
<arg>400</arg>
<doc>Fails if response status code is different than the expected.</doc>
<status status="PASS" starttime="20221017 02:49:30.954" endtime="20221017 02:49:30.954"/>
</kw>
<status status="PASS" starttime="20221017 02:49:30.946" endtime="20221017 02:49:30.954"/>
</kw>
<kw name="POST Usuarios User Sem Senha 400" library="usuarios_keywords">
<kw name="Criar Payload Estatico &quot;usuarios.json&quot; &quot;user_sem_senha&quot;" library="common" sourcename="Criar Payload Estatico &quot;${json}&quot; &quot;${key}&quot;">
<kw name="Importar Json Estatico" library="common">
<var>${json}</var>
<arg>${json}</arg>
<kw name="Get File" library="OperatingSystem">
<var>${arquivo}</var>
<arg>${EXECDIR}/jsons/${nome_arquivo}</arg>
<doc>Returns the contents of a specified file.</doc>
<msg timestamp="20221017 02:49:30.956" level="INFO" html="true">Getting file '&lt;a href="file://C:\Users\felip\pb\Sprint 4\RoboTron_FelipeMalacarne_Compass\Robot_Framework_Basico\jsons\usuarios.json"&gt;C:\Users\felip\pb\Sprint 4\RoboTron_FelipeMalacarne_Compass\Robot_Framework_Basico\jsons\usuarios.json&lt;/a&gt;'.</msg>
<msg timestamp="20221017 02:49:30.956" level="INFO">${arquivo} = {
    "user_valido":{
        "nome": "Felipe Malacarne",
        "email": "felipemalacarne1200@gmail.com",
        "password": "teste123",
        "administrador": "true"
    },
    "user_invalido":{...</msg>
<status status="PASS" starttime="20221017 02:49:30.956" endtime="20221017 02:49:30.956"/>
</kw>
<kw name="Evaluate" library="BuiltIn">
<var>${data}</var>
<arg>json.loads('''${arquivo}''')</arg>
<arg>json</arg>
<doc>Evaluates the given expression in Python and returns the result.</doc>
<msg timestamp="20221017 02:49:30.957" level="INFO">${data} = {'user_valido': {'nome': 'Felipe Malacarne', 'email': 'felipemalacarne1200@gmail.com', 'password': 'teste123', 'administrador': 'true'}, 'user_invalido': {'nome': 'user_invalido', 'email': 'fulano@qa....</msg>
<status status="PASS" starttime="20221017 02:49:30.956" endtime="20221017 02:49:30.957"/>
</kw>
<msg timestamp="20221017 02:49:30.957" level="INFO">${json} = {'user_valido': {'nome': 'Felipe Malacarne', 'email': 'felipemalacarne1200@gmail.com', 'password': 'teste123', 'administrador': 'true'}, 'user_invalido': {'nome': 'user_invalido', 'email': 'fulano@qa....</msg>
<status status="PASS" starttime="20221017 02:49:30.955" endtime="20221017 02:49:30.957"/>
</kw>
<kw name="Set Variable" library="BuiltIn">
<var>${payload}</var>
<arg>${json["${key}"]}</arg>
<doc>Returns the given values which can then be assigned to a variables.</doc>
<msg timestamp="20221017 02:49:30.957" level="INFO">${payload} = {'nome': 'Arnold S', 'email': 'arnold@qa.com', 'password': '', 'administrador': 'true'}</msg>
<status status="PASS" starttime="20221017 02:49:30.957" endtime="20221017 02:49:30.958"/>
</kw>
<kw name="Set Global Variable" library="BuiltIn">
<arg>${payload}</arg>
<doc>Makes a variable available globally in all tests and suites.</doc>
<msg timestamp="20221017 02:49:30.958" level="INFO">${payload} = {'nome': 'Arnold S', 'email': 'arnold@qa.com', 'password': '', 'administrador': 'true'}</msg>
<status status="PASS" starttime="20221017 02:49:30.958" endtime="20221017 02:49:30.958"/>
</kw>
<status status="PASS" starttime="20221017 02:49:30.955" endtime="20221017 02:49:30.958"/>
</kw>
<kw name="POST Endpoint /Usuarios" library="usuarios_keywords">
<kw name="POST On Session" library="RequestsLibrary">
<var>${response}</var>
<arg>serverest</arg>
<arg>/usuarios</arg>
<arg>json=&amp;{payload}</arg>
<arg>expected_status=anything</arg>
<doc>Sends a POST request on a previously created HTTP Session.</doc>
<msg timestamp="20221017 02:49:30.962" level="INFO">POST Request : url=http://localhost:3000/usuarios 
 path_url=/usuarios 
 headers={'User-Agent': 'python-requests/2.28.1', 'Accept-Encoding': 'gzip, deflate', 'Accept': '*/*', 'Connection': 'keep-alive', 'Content-Length': '87', 'Content-Type': 'application/json'} 
 body=b'{"nome": "Arnold S", "email": "arnold@qa.com", "password": "", "administrador": "true"}' 
 </msg>
<msg timestamp="20221017 02:49:30.962" level="INFO">POST Response : url=http://localhost:3000/usuarios 
 status=400, reason=Bad Request 
 headers={'Access-Control-Allow-Origin': '*', 'x-dns-prefetch-control': 'off', 'x-frame-options': 'SAMEORIGIN', 'strict-transport-security': 'max-age=15552000; includeSubDomains', 'x-download-options': 'noopen', 'x-content-type-options': 'nosniff', 'x-xss-protection': '1; mode=block', 'x-moesif-transaction-id': '588328de-3b46-49bc-8cc5-706b48899e2f', 'Content-Type': 'application/json; charset=utf-8', 'Content-Length': '56', 'Date': 'Mon, 17 Oct 2022 05:49:30 GMT', 'Connection': 'keep-alive', 'Keep-Alive': 'timeout=5'} 
 body={
    "password": "password não pode ficar em branco"
} 
 </msg>
<msg timestamp="20221017 02:49:30.962" level="INFO">${response} = &lt;Response [400]&gt;</msg>
<status status="PASS" starttime="20221017 02:49:30.958" endtime="20221017 02:49:30.962"/>
</kw>
<kw name="Set Global Variable" library="BuiltIn">
<arg>${response}</arg>
<doc>Makes a variable available globally in all tests and suites.</doc>
<msg timestamp="20221017 02:49:30.963" level="INFO">${response} = &lt;Response [400]&gt;</msg>
<status status="PASS" starttime="20221017 02:49:30.962" endtime="20221017 02:49:30.963"/>
</kw>
<status status="PASS" starttime="20221017 02:49:30.958" endtime="20221017 02:49:30.963"/>
</kw>
<kw name="Status Should Be" library="RequestsLibrary">
<arg>400</arg>
<doc>Fails if response status code is different than the expected.</doc>
<status status="PASS" starttime="20221017 02:49:30.963" endtime="20221017 02:49:30.963"/>
</kw>
<status status="PASS" starttime="20221017 02:49:30.955" endtime="20221017 02:49:30.963"/>
</kw>
<kw name="POST Usuarios User Valido 201" library="usuarios_keywords">
<kw name="Criar Payload Estatico &quot;usuarios.json&quot; &quot;user_valido&quot;" library="common" sourcename="Criar Payload Estatico &quot;${json}&quot; &quot;${key}&quot;">
<kw name="Importar Json Estatico" library="common">
<var>${json}</var>
<arg>${json}</arg>
<kw name="Get File" library="OperatingSystem">
<var>${arquivo}</var>
<arg>${EXECDIR}/jsons/${nome_arquivo}</arg>
<doc>Returns the contents of a specified file.</doc>
<msg timestamp="20221017 02:49:30.966" level="INFO" html="true">Getting file '&lt;a href="file://C:\Users\felip\pb\Sprint 4\RoboTron_FelipeMalacarne_Compass\Robot_Framework_Basico\jsons\usuarios.json"&gt;C:\Users\felip\pb\Sprint 4\RoboTron_FelipeMalacarne_Compass\Robot_Framework_Basico\jsons\usuarios.json&lt;/a&gt;'.</msg>
<msg timestamp="20221017 02:49:30.966" level="INFO">${arquivo} = {
    "user_valido":{
        "nome": "Felipe Malacarne",
        "email": "felipemalacarne1200@gmail.com",
        "password": "teste123",
        "administrador": "true"
    },
    "user_invalido":{...</msg>
<status status="PASS" starttime="20221017 02:49:30.966" endtime="20221017 02:49:30.966"/>
</kw>
<kw name="Evaluate" library="BuiltIn">
<var>${data}</var>
<arg>json.loads('''${arquivo}''')</arg>
<arg>json</arg>
<doc>Evaluates the given expression in Python and returns the result.</doc>
<msg timestamp="20221017 02:49:30.967" level="INFO">${data} = {'user_valido': {'nome': 'Felipe Malacarne', 'email': 'felipemalacarne1200@gmail.com', 'password': 'teste123', 'administrador': 'true'}, 'user_invalido': {'nome': 'user_invalido', 'email': 'fulano@qa....</msg>
<status status="PASS" starttime="20221017 02:49:30.966" endtime="20221017 02:49:30.967"/>
</kw>
<msg timestamp="20221017 02:49:30.967" level="INFO">${json} = {'user_valido': {'nome': 'Felipe Malacarne', 'email': 'felipemalacarne1200@gmail.com', 'password': 'teste123', 'administrador': 'true'}, 'user_invalido': {'nome': 'user_invalido', 'email': 'fulano@qa....</msg>
<status status="PASS" starttime="20221017 02:49:30.965" endtime="20221017 02:49:30.967"/>
</kw>
<kw name="Set Variable" library="BuiltIn">
<var>${payload}</var>
<arg>${json["${key}"]}</arg>
<doc>Returns the given values which can then be assigned to a variables.</doc>
<msg timestamp="20221017 02:49:30.968" level="INFO">${payload} = {'nome': 'Felipe Malacarne', 'email': 'felipemalacarne1200@gmail.com', 'password': 'teste123', 'administrador': 'true'}</msg>
<status status="PASS" starttime="20221017 02:49:30.967" endtime="20221017 02:49:30.968"/>
</kw>
<kw name="Set Global Variable" library="BuiltIn">
<arg>${payload}</arg>
<doc>Makes a variable available globally in all tests and suites.</doc>
<msg timestamp="20221017 02:49:30.968" level="INFO">${payload} = {'nome': 'Felipe Malacarne', 'email': 'felipemalacarne1200@gmail.com', 'password': 'teste123', 'administrador': 'true'}</msg>
<status status="PASS" starttime="20221017 02:49:30.968" endtime="20221017 02:49:30.968"/>
</kw>
<status status="PASS" starttime="20221017 02:49:30.965" endtime="20221017 02:49:30.968"/>
</kw>
<kw name="POST Endpoint /Usuarios" library="usuarios_keywords">
<kw name="POST On Session" library="RequestsLibrary">
<var>${response}</var>
<arg>serverest</arg>
<arg>/usuarios</arg>
<arg>json=&amp;{payload}</arg>
<arg>expected_status=anything</arg>
<doc>Sends a POST request on a previously created HTTP Session.</doc>
<msg timestamp="20221017 02:49:30.971" level="INFO">POST Request : url=http://localhost:3000/usuarios 
 path_url=/usuarios 
 headers={'User-Agent': 'python-requests/2.28.1', 'Accept-Encoding': 'gzip, deflate', 'Accept': '*/*', 'Connection': 'keep-alive', 'Content-Length': '119', 'Content-Type': 'application/json'} 
 body=b'{"nome": "Felipe Malacarne", "email": "felipemalacarne1200@gmail.com", "password": "teste123", "administrador": "true"}' 
 </msg>
<msg timestamp="20221017 02:49:30.971" level="INFO">POST Response : url=http://localhost:3000/usuarios 
 status=201, reason=Created 
 headers={'Access-Control-Allow-Origin': '*', 'x-dns-prefetch-control': 'off', 'x-frame-options': 'SAMEORIGIN', 'strict-transport-security': 'max-age=15552000; includeSubDomains', 'x-download-options': 'noopen', 'x-content-type-options': 'nosniff', 'x-xss-protection': '1; mode=block', 'x-moesif-transaction-id': '5f00058b-146f-4e4a-965b-c42b856506d9', 'Content-Type': 'application/json; charset=utf-8', 'Content-Length': '82', 'Date': 'Mon, 17 Oct 2022 05:49:30 GMT', 'Connection': 'keep-alive', 'Keep-Alive': 'timeout=5'} 
 body={
    "message": "Cadastro realizado com sucesso",
    "_id": "UkSReL5vO0EZMHaO"
} 
 </msg>
<msg timestamp="20221017 02:49:30.971" level="INFO">${response} = &lt;Response [201]&gt;</msg>
<status status="PASS" starttime="20221017 02:49:30.969" endtime="20221017 02:49:30.971"/>
</kw>
<kw name="Set Global Variable" library="BuiltIn">
<arg>${response}</arg>
<doc>Makes a variable available globally in all tests and suites.</doc>
<msg timestamp="20221017 02:49:30.973" level="INFO">${response} = &lt;Response [201]&gt;</msg>
<status status="PASS" starttime="20221017 02:49:30.971" endtime="20221017 02:49:30.973"/>
</kw>
<status status="PASS" starttime="20221017 02:49:30.968" endtime="20221017 02:49:30.973"/>
</kw>
<kw name="Should Be Equal" library="BuiltIn">
<arg>${response.json()["message"]}</arg>
<arg>Cadastro realizado com sucesso</arg>
<doc>Fails if the given objects are unequal.</doc>
<status status="PASS" starttime="20221017 02:49:30.973" endtime="20221017 02:49:30.974"/>
</kw>
<kw name="Should Not Be Empty" library="BuiltIn">
<arg>${response.json()["_id"]}</arg>
<doc>Verifies that the given item is not empty.</doc>
<msg timestamp="20221017 02:49:30.974" level="INFO">Length is 16</msg>
<status status="PASS" starttime="20221017 02:49:30.974" endtime="20221017 02:49:30.974"/>
</kw>
<kw name="Set Global Variable" library="BuiltIn">
<arg>${user_id}</arg>
<arg>${response.json()["_id"]}</arg>
<doc>Makes a variable available globally in all tests and suites.</doc>
<msg timestamp="20221017 02:49:30.975" level="INFO">${user_id} = UkSReL5vO0EZMHaO</msg>
<status status="PASS" starttime="20221017 02:49:30.974" endtime="20221017 02:49:30.975"/>
</kw>
<kw name="Status Should Be" library="RequestsLibrary">
<arg>201</arg>
<doc>Fails if response status code is different than the expected.</doc>
<status status="PASS" starttime="20221017 02:49:30.975" endtime="20221017 02:49:30.975"/>
</kw>
<status status="PASS" starttime="20221017 02:49:30.965" endtime="20221017 02:49:30.975"/>
</kw>
<kw name="GET Usuario por ID 200" library="usuarios_keywords">
<kw name="GET On Session" library="RequestsLibrary">
<var>${response}</var>
<arg>serverest</arg>
<arg>/usuarios/${user_id}</arg>
<doc>Sends a GET request on a previously created HTTP Session.</doc>
<msg timestamp="20221017 02:49:30.979" level="INFO">GET Request : url=http://localhost:3000/usuarios/UkSReL5vO0EZMHaO 
 path_url=/usuarios/UkSReL5vO0EZMHaO 
 headers={'User-Agent': 'python-requests/2.28.1', 'Accept-Encoding': 'gzip, deflate', 'Accept': '*/*', 'Connection': 'keep-alive'} 
 body=None 
 </msg>
<msg timestamp="20221017 02:49:30.979" level="INFO">GET Response : url=http://localhost:3000/usuarios/UkSReL5vO0EZMHaO 
 status=200, reason=OK 
 headers={'Access-Control-Allow-Origin': '*', 'x-dns-prefetch-control': 'off', 'x-frame-options': 'SAMEORIGIN', 'strict-transport-security': 'max-age=15552000; includeSubDomains', 'x-download-options': 'noopen', 'x-content-type-options': 'nosniff', 'x-xss-protection': '1; mode=block', 'x-moesif-transaction-id': 'f1a79baa-4d36-4c6f-aa34-f608572d1546', 'Content-Type': 'application/json; charset=utf-8', 'Content-Length': '168', 'Date': 'Mon, 17 Oct 2022 05:49:30 GMT', 'Connection': 'keep-alive', 'Keep-Alive': 'timeout=5'} 
 body={
    "nome": "Felipe Malacarne",
    "email": "felipemalacarne1200@gmail.com",
    "password": "teste123",
    "administrador": "true",
    "_id": "UkSReL5vO0EZMHaO"
} 
 </msg>
<msg timestamp="20221017 02:49:30.979" level="INFO">${response} = &lt;Response [200]&gt;</msg>
<status status="PASS" starttime="20221017 02:49:30.976" endtime="20221017 02:49:30.979"/>
</kw>
<kw name="Should Not Be Empty" library="BuiltIn">
<arg>${response.json()["nome"]}</arg>
<doc>Verifies that the given item is not empty.</doc>
<msg timestamp="20221017 02:49:30.979" level="INFO">Length is 16</msg>
<status status="PASS" starttime="20221017 02:49:30.979" endtime="20221017 02:49:30.979"/>
</kw>
<kw name="Status Should Be" library="RequestsLibrary">
<arg>200</arg>
<doc>Fails if response status code is different than the expected.</doc>
<status status="PASS" starttime="20221017 02:49:30.979" endtime="20221017 02:49:30.979"/>
</kw>
<status status="PASS" starttime="20221017 02:49:30.976" endtime="20221017 02:49:30.980"/>
</kw>
<kw name="DELETE Endpoint /usuarios Ultimo ID" library="usuarios_keywords">
<kw name="DELETE On Session" library="RequestsLibrary">
<var>${response}</var>
<arg>serverest</arg>
<arg>/usuarios/${user_id}</arg>
<doc>Sends a DELETE request on a previously created HTTP Session.</doc>
<msg timestamp="20221017 02:49:30.984" level="INFO">DELETE Request : url=http://localhost:3000/usuarios/UkSReL5vO0EZMHaO 
 path_url=/usuarios/UkSReL5vO0EZMHaO 
 headers={'User-Agent': 'python-requests/2.28.1', 'Accept-Encoding': 'gzip, deflate', 'Accept': '*/*', 'Connection': 'keep-alive', 'Content-Length': '0'} 
 body=None 
 </msg>
<msg timestamp="20221017 02:49:30.984" level="INFO">DELETE Response : url=http://localhost:3000/usuarios/UkSReL5vO0EZMHaO 
 status=200, reason=OK 
 headers={'Access-Control-Allow-Origin': '*', 'x-dns-prefetch-control': 'off', 'x-frame-options': 'SAMEORIGIN', 'strict-transport-security': 'max-age=15552000; includeSubDomains', 'x-download-options': 'noopen', 'x-content-type-options': 'nosniff', 'x-xss-protection': '1; mode=block', 'x-moesif-transaction-id': '44ad4601-639f-4a46-8193-b596206b5667', 'Content-Type': 'application/json; charset=utf-8', 'Content-Length': '51', 'Date': 'Mon, 17 Oct 2022 05:49:30 GMT', 'Connection': 'keep-alive', 'Keep-Alive': 'timeout=5'} 
 body={
    "message": "Registro excluído com sucesso"
} 
 </msg>
<msg timestamp="20221017 02:49:30.984" level="INFO">${response} = &lt;Response [200]&gt;</msg>
<status status="PASS" starttime="20221017 02:49:30.981" endtime="20221017 02:49:30.984"/>
</kw>
<kw name="Set Global Variable" library="BuiltIn">
<arg>${response}</arg>
<doc>Makes a variable available globally in all tests and suites.</doc>
<msg timestamp="20221017 02:49:30.985" level="INFO">${response} = &lt;Response [200]&gt;</msg>
<status status="PASS" starttime="20221017 02:49:30.984" endtime="20221017 02:49:30.985"/>
</kw>
<status status="PASS" starttime="20221017 02:49:30.981" endtime="20221017 02:49:30.985"/>
</kw>
<kw name="GET Usuario por ID 400" library="usuarios_keywords">
<kw name="GET On Session" library="RequestsLibrary">
<var>${response}</var>
<arg>serverest</arg>
<arg>/usuarios/${user_id}</arg>
<arg>expected_status=anything</arg>
<doc>Sends a GET request on a previously created HTTP Session.</doc>
<msg timestamp="20221017 02:49:30.988" level="INFO">GET Request : url=http://localhost:3000/usuarios/UkSReL5vO0EZMHaO 
 path_url=/usuarios/UkSReL5vO0EZMHaO 
 headers={'User-Agent': 'python-requests/2.28.1', 'Accept-Encoding': 'gzip, deflate', 'Accept': '*/*', 'Connection': 'keep-alive'} 
 body=None 
 </msg>
<msg timestamp="20221017 02:49:30.988" level="INFO">GET Response : url=http://localhost:3000/usuarios/UkSReL5vO0EZMHaO 
 status=400, reason=Bad Request 
 headers={'Access-Control-Allow-Origin': '*', 'x-dns-prefetch-control': 'off', 'x-frame-options': 'SAMEORIGIN', 'strict-transport-security': 'max-age=15552000; includeSubDomains', 'x-download-options': 'noopen', 'x-content-type-options': 'nosniff', 'x-xss-protection': '1; mode=block', 'x-moesif-transaction-id': '314f2613-0f03-41b3-bb56-6d0a5097bb51', 'Content-Type': 'application/json; charset=utf-8', 'Content-Length': '45', 'Date': 'Mon, 17 Oct 2022 05:49:30 GMT', 'Connection': 'keep-alive', 'Keep-Alive': 'timeout=5'} 
 body={
    "message": "Usuário não encontrado"
} 
 </msg>
<msg timestamp="20221017 02:49:30.988" level="INFO">${response} = &lt;Response [400]&gt;</msg>
<status status="PASS" starttime="20221017 02:49:30.986" endtime="20221017 02:49:30.988"/>
</kw>
<kw name="Should Be Equal" library="BuiltIn">
<arg>${response.json()["message"]}</arg>
<arg>Usuário não encontrado</arg>
<doc>Fails if the given objects are unequal.</doc>
<status status="PASS" starttime="20221017 02:49:30.989" endtime="20221017 02:49:30.989"/>
</kw>
<kw name="Status Should Be" library="RequestsLibrary">
<arg>401</arg>
<doc>Fails if response status code is different than the expected.</doc>
<msg timestamp="20221017 02:49:30.990" level="FAIL">Url: http://localhost:3000/usuarios/UkSReL5vO0EZMHaO Expected status: 400 != 401</msg>
<status status="FAIL" starttime="20221017 02:49:30.989" endtime="20221017 02:49:30.991"/>
</kw>
<status status="FAIL" starttime="20221017 02:49:30.985" endtime="20221017 02:49:30.991"/>
</kw>
<tag>ROTAS</tag>
<status status="FAIL" starttime="20221017 02:49:30.928" endtime="20221017 02:49:30.993">Url: http://localhost:3000/usuarios/UkSReL5vO0EZMHaO Expected status: 400 != 401</status>
</test>
<doc>Arquvo simples para realizar requsisões HTTP em APIs</doc>
<status status="FAIL" starttime="20221017 02:49:30.728" endtime="20221017 02:49:30.994"/>
</suite>
<statistics>
<total>
<stat pass="1" fail="1" skip="0">All Tests</stat>
</total>
<tag>
<stat pass="1" fail="1" skip="0">ROTAS</stat>
</tag>
<suite>
<stat pass="1" fail="1" skip="0" id="s1" name="Base">Base</stat>
</suite>
</statistics>
<errors>
<msg timestamp="20221017 02:49:30.864" level="WARN">Imported resource file 'C:\Users\felip\pb\Sprint 4\RoboTron_FelipeMalacarne_Compass\Robot_Framework_Basico\rotas\carrinho.keywords.robot' is empty.</msg>
</errors>
</robot>
