<?xml version="1.0" encoding="UTF-8"?>
<robot generator="Robot 5.0.1 (Python 3.10.7 on win32)" generated="20221010 19:08:53.105" rpa="false" schemaversion="3">
<suite id="s1" name="Base" source="C:\Users\felip\pb\Sprint 4\RoboTron_FelipeMalacarne_Compass\Dia_4\base.robot">
<test id="s1-t1" name="Cenario: GET Todos os Usuarios 200" line="14">
<kw name="Criar Sessao">
<kw name="Create Session" library="RequestsLibrary">
<arg>serverest</arg>
<arg>${URL}</arg>
<doc>Create Session: create a HTTP session to a server</doc>
<msg timestamp="20221010 19:08:53.224" level="INFO">Creating Session using : alias=serverest, url=http://localhost:3000, headers={},                     cookies={}, auth=None, timeout=None, proxies=None, verify=False,                     debug=0 </msg>
<status status="PASS" starttime="20221010 19:08:53.224" endtime="20221010 19:08:53.224"/>
</kw>
<status status="PASS" starttime="20221010 19:08:53.223" endtime="20221010 19:08:53.224"/>
</kw>
<kw name="Realizar Login">
<kw name="POST On Session" library="RequestsLibrary">
<var>${response}</var>
<arg>serverest</arg>
<arg>/login</arg>
<arg>json=${login}</arg>
<doc>Sends a POST request on a previously created HTTP Session.</doc>
<msg timestamp="20221010 19:08:53.233" level="INFO">POST Request : url=http://localhost:3000/login 
 path_url=/login 
 headers={'User-Agent': 'python-requests/2.28.1', 'Accept-Encoding': 'gzip, deflate', 'Accept': '*/*', 'Connection': 'keep-alive', 'Content-Length': '47', 'Content-Type': 'application/json'} 
 body=b'{"email": "fulano@qa.com", "password": "teste"}' 
 </msg>
<msg timestamp="20221010 19:08:53.233" level="INFO">POST Response : url=http://localhost:3000/login 
 status=200, reason=OK 
 headers={'Access-Control-Allow-Origin': '*', 'x-dns-prefetch-control': 'off', 'x-frame-options': 'SAMEORIGIN', 'strict-transport-security': 'max-age=15552000; includeSubDomains', 'x-download-options': 'noopen', 'x-content-type-options': 'nosniff', 'x-xss-protection': '1; mode=block', 'x-moesif-transaction-id': '8c00a500-4c22-4f56-80b2-2e70afb38c6a', 'Content-Type': 'application/json; charset=utf-8', 'Content-Length': '265', 'Date': 'Mon, 10 Oct 2022 22:08:53 GMT', 'Connection': 'keep-alive', 'Keep-Alive': 'timeout=5'} 
 body={
    "message": "Login realizado com sucesso",
    "authorization": "Bearer eyJhbGciOiJIUzI1NiIsInR5cCI6IkpXVCJ9.eyJlbWFpbCI6ImZ1bGFub0BxYS5jb20iLCJwYXNzd29yZCI6InRlc3RlIiwiaWF0IjoxNjY1NDM5NzMzLCJleHAiOjE2NjU0NDAzMzN9.6L4Re9q8vkEhNZATuVXChj3THcoPvYQVjlHVOFO4bac"
} 
 </msg>
<msg timestamp="20221010 19:08:53.233" level="INFO">${response} = &lt;Response [200]&gt;</msg>
<status status="PASS" starttime="20221010 19:08:53.225" endtime="20221010 19:08:53.233"/>
</kw>
<kw name="Status Should Be" library="RequestsLibrary">
<arg>200</arg>
<doc>Fails if response status code is different than the expected.</doc>
<status status="PASS" starttime="20221010 19:08:53.233" endtime="20221010 19:08:53.233"/>
</kw>
<status status="PASS" starttime="20221010 19:08:53.225" endtime="20221010 19:08:53.233"/>
</kw>
<kw name="GET Endpoint /Usuarios">
<kw name="GET On Session" library="RequestsLibrary">
<var>${response}</var>
<arg>serverest</arg>
<arg>/usuarios</arg>
<doc>Sends a GET request on a previously created HTTP Session.</doc>
<msg timestamp="20221010 19:08:53.237" level="INFO">GET Request : url=http://localhost:3000/usuarios 
 path_url=/usuarios 
 headers={'User-Agent': 'python-requests/2.28.1', 'Accept-Encoding': 'gzip, deflate', 'Accept': '*/*', 'Connection': 'keep-alive'} 
 body=None 
 </msg>
<msg timestamp="20221010 19:08:53.237" level="INFO">GET Response : url=http://localhost:3000/usuarios 
 status=200, reason=OK 
 headers={'Access-Control-Allow-Origin': '*', 'x-dns-prefetch-control': 'off', 'x-frame-options': 'SAMEORIGIN', 'strict-transport-security': 'max-age=15552000; includeSubDomains', 'x-download-options': 'noopen', 'x-content-type-options': 'nosniff', 'x-xss-protection': '1; mode=block', 'x-moesif-transaction-id': '985858c0-c32a-4d7b-bbc9-c2410e577f72', 'Content-Type': 'application/json; charset=utf-8', 'Content-Length': '1082', 'Date': 'Mon, 10 Oct 2022 22:08:53 GMT', 'Connection': 'keep-alive', 'Keep-Alive': 'timeout=5'} 
 body={
    "quantidade": 5,
    "usuarios": [
        {
            "nome": "Fulano da Silva",
            "email": "fulano@qa.com",
            "password": "teste",
            "administrador": "true",
            "_id": "0uxuPY0cbmQhpEz1"
        },
        {
            "nome": "saaas",
            "password": "123",
            "email": "felllipe.m@gmail.com",
            "administrador": "true",
            "_id": "9VZhaVRG1zasNvJU"
        },
        {
            "nome": "felipe.malacarne12",
            "password": "123",
            "email": "feleepe12.m@gmail.com",
            "administrador": "true",
            "_id": "BvMPFjPFzUaJiPsk"
        },
        {
            "nome": "felipe.mal",
            "password": "123",
            "email": "elpe.m@gmail.com",
            "administrador": "true",
            "_id": "wPdv87LYFsAQeBg7"
        },
        {
            "nome": "felipe.malacarne",
            "password": "123",
            "email": "feleepe.m@gmail.com",
            "administrador": "true",
            "_id": "wt8hFswDSnZsCYuH"
        }
    ]
} 
 </msg>
<msg timestamp="20221010 19:08:53.237" level="INFO">${response} = &lt;Response [200]&gt;</msg>
<status status="PASS" starttime="20221010 19:08:53.234" endtime="20221010 19:08:53.237"/>
</kw>
<kw name="Set Global Variable" library="BuiltIn">
<arg>${response}</arg>
<doc>Makes a variable available globally in all tests and suites.</doc>
<msg timestamp="20221010 19:08:53.238" level="INFO">${response} = &lt;Response [200]&gt;</msg>
<status status="PASS" starttime="20221010 19:08:53.237" endtime="20221010 19:08:53.238"/>
</kw>
<status status="PASS" starttime="20221010 19:08:53.234" endtime="20221010 19:08:53.238"/>
</kw>
<kw name="Validar Status Code &quot;200&quot;" sourcename="Validar Status Code &quot;${statuscode}&quot;">
<kw name="Should Be True" library="BuiltIn">
<arg>${response.status_code} == ${statuscode}</arg>
<doc>Fails if the given condition is not true.</doc>
<status status="PASS" starttime="20221010 19:08:53.239" endtime="20221010 19:08:53.240"/>
</kw>
<status status="PASS" starttime="20221010 19:08:53.238" endtime="20221010 19:08:53.240"/>
</kw>
<kw name="Validar Quantidade &quot;${4}&quot;" sourcename="Validar Quantidade &quot;${qnt}&quot;">
<kw name="Should Be Equal" library="BuiltIn">
<arg>${response.json()["quantidade"]}</arg>
<arg>${qnt}</arg>
<doc>Fails if the given objects are unequal.</doc>
<msg timestamp="20221010 19:08:53.242" level="FAIL">5 != 4</msg>
<status status="FAIL" starttime="20221010 19:08:53.241" endtime="20221010 19:08:53.242"/>
</kw>
<status status="FAIL" starttime="20221010 19:08:53.240" endtime="20221010 19:08:53.242"/>
</kw>
<kw name="Printar Response">
<status status="NOT RUN" starttime="20221010 19:08:53.243" endtime="20221010 19:08:53.243"/>
</kw>
<tag>GET</tag>
<status status="FAIL" starttime="20221010 19:08:53.223" endtime="20221010 19:08:53.243">5 != 4</status>
</test>
<test id="s1-t2" name="Cenario: GET Todos produtos 200" line="23">
<kw name="Criar Sessao">
<kw name="Create Session" library="RequestsLibrary">
<arg>serverest</arg>
<arg>${URL}</arg>
<doc>Create Session: create a HTTP session to a server</doc>
<msg timestamp="20221010 19:08:53.245" level="INFO">Creating Session using : alias=serverest, url=http://localhost:3000, headers={},                     cookies={}, auth=None, timeout=None, proxies=None, verify=False,                     debug=0 </msg>
<status status="PASS" starttime="20221010 19:08:53.245" endtime="20221010 19:08:53.245"/>
</kw>
<status status="PASS" starttime="20221010 19:08:53.244" endtime="20221010 19:08:53.245"/>
</kw>
<kw name="Realizar Login">
<kw name="POST On Session" library="RequestsLibrary">
<var>${response}</var>
<arg>serverest</arg>
<arg>/login</arg>
<arg>json=${login}</arg>
<doc>Sends a POST request on a previously created HTTP Session.</doc>
<msg timestamp="20221010 19:08:53.249" level="INFO">POST Request : url=http://localhost:3000/login 
 path_url=/login 
 headers={'User-Agent': 'python-requests/2.28.1', 'Accept-Encoding': 'gzip, deflate', 'Accept': '*/*', 'Connection': 'keep-alive', 'Content-Length': '47', 'Content-Type': 'application/json'} 
 body=b'{"email": "fulano@qa.com", "password": "teste"}' 
 </msg>
<msg timestamp="20221010 19:08:53.249" level="INFO">POST Response : url=http://localhost:3000/login 
 status=200, reason=OK 
 headers={'Access-Control-Allow-Origin': '*', 'x-dns-prefetch-control': 'off', 'x-frame-options': 'SAMEORIGIN', 'strict-transport-security': 'max-age=15552000; includeSubDomains', 'x-download-options': 'noopen', 'x-content-type-options': 'nosniff', 'x-xss-protection': '1; mode=block', 'x-moesif-transaction-id': 'f7a4264f-ed4f-4171-91a9-7e60506312bd', 'Content-Type': 'application/json; charset=utf-8', 'Content-Length': '265', 'Date': 'Mon, 10 Oct 2022 22:08:53 GMT', 'Connection': 'keep-alive', 'Keep-Alive': 'timeout=5'} 
 body={
    "message": "Login realizado com sucesso",
    "authorization": "Bearer eyJhbGciOiJIUzI1NiIsInR5cCI6IkpXVCJ9.eyJlbWFpbCI6ImZ1bGFub0BxYS5jb20iLCJwYXNzd29yZCI6InRlc3RlIiwiaWF0IjoxNjY1NDM5NzMzLCJleHAiOjE2NjU0NDAzMzN9.6L4Re9q8vkEhNZATuVXChj3THcoPvYQVjlHVOFO4bac"
} 
 </msg>
<msg timestamp="20221010 19:08:53.249" level="INFO">${response} = &lt;Response [200]&gt;</msg>
<status status="PASS" starttime="20221010 19:08:53.246" endtime="20221010 19:08:53.250"/>
</kw>
<kw name="Status Should Be" library="RequestsLibrary">
<arg>200</arg>
<doc>Fails if response status code is different than the expected.</doc>
<status status="PASS" starttime="20221010 19:08:53.250" endtime="20221010 19:08:53.250"/>
</kw>
<status status="PASS" starttime="20221010 19:08:53.245" endtime="20221010 19:08:53.250"/>
</kw>
<kw name="GET Endpoint /produtos">
<kw name="GET On Session" library="RequestsLibrary">
<var>${response}</var>
<arg>serverest</arg>
<arg>/produtos</arg>
<doc>Sends a GET request on a previously created HTTP Session.</doc>
<msg timestamp="20221010 19:08:53.254" level="INFO">GET Request : url=http://localhost:3000/produtos 
 path_url=/produtos 
 headers={'User-Agent': 'python-requests/2.28.1', 'Accept-Encoding': 'gzip, deflate', 'Accept': '*/*', 'Connection': 'keep-alive'} 
 body=None 
 </msg>
<msg timestamp="20221010 19:08:53.254" level="INFO">GET Response : url=http://localhost:3000/produtos 
 status=200, reason=OK 
 headers={'Access-Control-Allow-Origin': '*', 'x-dns-prefetch-control': 'off', 'x-frame-options': 'SAMEORIGIN', 'strict-transport-security': 'max-age=15552000; includeSubDomains', 'x-download-options': 'noopen', 'x-content-type-options': 'nosniff', 'x-xss-protection': '1; mode=block', 'x-moesif-transaction-id': 'd228697d-ce6d-451e-9439-077e1abfe4e2', 'Content-Type': 'application/json; charset=utf-8', 'Content-Length': '435', 'Date': 'Mon, 10 Oct 2022 22:08:53 GMT', 'Connection': 'keep-alive', 'Keep-Alive': 'timeout=5'} 
 body={
    "quantidade": 2,
    "produtos": [
        {
            "nome": "Logitech MX Vertical",
            "preco": 470,
            "descricao": "Mouse",
            "quantidade": 382,
            "_id": "BeeJh5lz3k6kSIzA"
        },
        {
            "nome": "Samsung 60 polegadas",
            "preco": 5240,
            "descricao": "TV",
            "quantidade": 49977,
            "_id": "K6leHdftCeOJj8BJ"
        }
    ]
} 
 </msg>
<msg timestamp="20221010 19:08:53.254" level="INFO">${response} = &lt;Response [200]&gt;</msg>
<status status="PASS" starttime="20221010 19:08:53.250" endtime="20221010 19:08:53.254"/>
</kw>
<kw name="Status Should Be" library="RequestsLibrary">
<arg>200</arg>
<doc>Fails if response status code is different than the expected.</doc>
<status status="PASS" starttime="20221010 19:08:53.254" endtime="20221010 19:08:53.255"/>
</kw>
<status status="PASS" starttime="20221010 19:08:53.250" endtime="20221010 19:08:53.255"/>
</kw>
<tag>GET</tag>
<status status="PASS" starttime="20221010 19:08:53.244" endtime="20221010 19:08:53.255"/>
</test>
<test id="s1-t3" name="Cenario: GET produto por Id 200" line="29">
<kw name="Criar Sessao">
<kw name="Create Session" library="RequestsLibrary">
<arg>serverest</arg>
<arg>${URL}</arg>
<doc>Create Session: create a HTTP session to a server</doc>
<msg timestamp="20221010 19:08:53.257" level="INFO">Creating Session using : alias=serverest, url=http://localhost:3000, headers={},                     cookies={}, auth=None, timeout=None, proxies=None, verify=False,                     debug=0 </msg>
<status status="PASS" starttime="20221010 19:08:53.257" endtime="20221010 19:08:53.257"/>
</kw>
<status status="PASS" starttime="20221010 19:08:53.257" endtime="20221010 19:08:53.257"/>
</kw>
<kw name="Realizar Login">
<kw name="POST On Session" library="RequestsLibrary">
<var>${response}</var>
<arg>serverest</arg>
<arg>/login</arg>
<arg>json=${login}</arg>
<doc>Sends a POST request on a previously created HTTP Session.</doc>
<msg timestamp="20221010 19:08:53.262" level="INFO">POST Request : url=http://localhost:3000/login 
 path_url=/login 
 headers={'User-Agent': 'python-requests/2.28.1', 'Accept-Encoding': 'gzip, deflate', 'Accept': '*/*', 'Connection': 'keep-alive', 'Content-Length': '47', 'Content-Type': 'application/json'} 
 body=b'{"email": "fulano@qa.com", "password": "teste"}' 
 </msg>
<msg timestamp="20221010 19:08:53.263" level="INFO">POST Response : url=http://localhost:3000/login 
 status=200, reason=OK 
 headers={'Access-Control-Allow-Origin': '*', 'x-dns-prefetch-control': 'off', 'x-frame-options': 'SAMEORIGIN', 'strict-transport-security': 'max-age=15552000; includeSubDomains', 'x-download-options': 'noopen', 'x-content-type-options': 'nosniff', 'x-xss-protection': '1; mode=block', 'x-moesif-transaction-id': '9549bf3c-80b4-41c1-bea8-3ca2a5e70a67', 'Content-Type': 'application/json; charset=utf-8', 'Content-Length': '265', 'Date': 'Mon, 10 Oct 2022 22:08:53 GMT', 'Connection': 'keep-alive', 'Keep-Alive': 'timeout=5'} 
 body={
    "message": "Login realizado com sucesso",
    "authorization": "Bearer eyJhbGciOiJIUzI1NiIsInR5cCI6IkpXVCJ9.eyJlbWFpbCI6ImZ1bGFub0BxYS5jb20iLCJwYXNzd29yZCI6InRlc3RlIiwiaWF0IjoxNjY1NDM5NzMzLCJleHAiOjE2NjU0NDAzMzN9.6L4Re9q8vkEhNZATuVXChj3THcoPvYQVjlHVOFO4bac"
} 
 </msg>
<msg timestamp="20221010 19:08:53.263" level="INFO">${response} = &lt;Response [200]&gt;</msg>
<status status="PASS" starttime="20221010 19:08:53.258" endtime="20221010 19:08:53.263"/>
</kw>
<kw name="Status Should Be" library="RequestsLibrary">
<arg>200</arg>
<doc>Fails if response status code is different than the expected.</doc>
<status status="PASS" starttime="20221010 19:08:53.263" endtime="20221010 19:08:53.263"/>
</kw>
<status status="PASS" starttime="20221010 19:08:53.258" endtime="20221010 19:08:53.263"/>
</kw>
<kw name="GET Endpoint /produtos/&quot;BeeJh5lz3k6kSIzA&quot;" sourcename="GET Endpoint /produtos/&quot;${_id}&quot;">
<kw name="GET On Session" library="RequestsLibrary">
<var>${response}</var>
<arg>serverest</arg>
<arg>/produtos/${_id}</arg>
<doc>Sends a GET request on a previously created HTTP Session.</doc>
<msg timestamp="20221010 19:08:53.269" level="INFO">GET Request : url=http://localhost:3000/produtos/BeeJh5lz3k6kSIzA 
 path_url=/produtos/BeeJh5lz3k6kSIzA 
 headers={'User-Agent': 'python-requests/2.28.1', 'Accept-Encoding': 'gzip, deflate', 'Accept': '*/*', 'Connection': 'keep-alive'} 
 body=None 
 </msg>
<msg timestamp="20221010 19:08:53.269" level="INFO">GET Response : url=http://localhost:3000/produtos/BeeJh5lz3k6kSIzA 
 status=200, reason=OK 
 headers={'Access-Control-Allow-Origin': '*', 'x-dns-prefetch-control': 'off', 'x-frame-options': 'SAMEORIGIN', 'strict-transport-security': 'max-age=15552000; includeSubDomains', 'x-download-options': 'noopen', 'x-content-type-options': 'nosniff', 'x-xss-protection': '1; mode=block', 'x-moesif-transaction-id': '4d02da50-b86e-47fc-a56d-561e18e60cea', 'Content-Type': 'application/json; charset=utf-8', 'Content-Length': '136', 'Date': 'Mon, 10 Oct 2022 22:08:53 GMT', 'Connection': 'keep-alive', 'Keep-Alive': 'timeout=5'} 
 body={
    "nome": "Logitech MX Vertical",
    "preco": 470,
    "descricao": "Mouse",
    "quantidade": 382,
    "_id": "BeeJh5lz3k6kSIzA"
} 
 </msg>
<msg timestamp="20221010 19:08:53.270" level="INFO">${response} = &lt;Response [200]&gt;</msg>
<status status="PASS" starttime="20221010 19:08:53.264" endtime="20221010 19:08:53.270"/>
</kw>
<kw name="Set Global Variable" library="BuiltIn">
<arg>${response}</arg>
<doc>Makes a variable available globally in all tests and suites.</doc>
<msg timestamp="20221010 19:08:53.271" level="INFO">${response} = &lt;Response [200]&gt;</msg>
<status status="PASS" starttime="20221010 19:08:53.270" endtime="20221010 19:08:53.271"/>
</kw>
<status status="PASS" starttime="20221010 19:08:53.264" endtime="20221010 19:08:53.271"/>
</kw>
<kw name="Validar Status Code &quot;200&quot;" sourcename="Validar Status Code &quot;${statuscode}&quot;">
<kw name="Should Be True" library="BuiltIn">
<arg>${response.status_code} == ${statuscode}</arg>
<doc>Fails if the given condition is not true.</doc>
<status status="PASS" starttime="20221010 19:08:53.272" endtime="20221010 19:08:53.273"/>
</kw>
<status status="PASS" starttime="20221010 19:08:53.271" endtime="20221010 19:08:53.273"/>
</kw>
<tag>GET</tag>
<status status="PASS" starttime="20221010 19:08:53.256" endtime="20221010 19:08:53.274"/>
</test>
<test id="s1-t4" name="Cenario: POST Cadastrar Usuario 201" line="37">
<kw name="Criar Sessao">
<kw name="Create Session" library="RequestsLibrary">
<arg>serverest</arg>
<arg>${URL}</arg>
<doc>Create Session: create a HTTP session to a server</doc>
<msg timestamp="20221010 19:08:53.275" level="INFO">Creating Session using : alias=serverest, url=http://localhost:3000, headers={},                     cookies={}, auth=None, timeout=None, proxies=None, verify=False,                     debug=0 </msg>
<status status="PASS" starttime="20221010 19:08:53.275" endtime="20221010 19:08:53.275"/>
</kw>
<status status="PASS" starttime="20221010 19:08:53.274" endtime="20221010 19:08:53.275"/>
</kw>
<kw name="POST Endpoint /Usuarios">
<kw name="Create Dictionary" library="BuiltIn">
<var>&amp;{payload}</var>
<arg>nome=felipe.malacarne12</arg>
<arg>password=123</arg>
<arg>email=feleepe12.m@gmail.com</arg>
<arg>administrador=true</arg>
<doc>Creates and returns a dictionary based on the given ``items``.</doc>
<msg timestamp="20221010 19:08:53.276" level="INFO">&amp;{payload} = { nome=felipe.malacarne12 | password=123 | email=feleepe12.m@gmail.com | administrador=true }</msg>
<status status="PASS" starttime="20221010 19:08:53.276" endtime="20221010 19:08:53.276"/>
</kw>
<kw name="POST On Session" library="RequestsLibrary">
<var>${response}</var>
<arg>serverest</arg>
<arg>/usuarios</arg>
<arg>data=&amp;{payload}</arg>
<doc>Sends a POST request on a previously created HTTP Session.</doc>
<msg timestamp="20221010 19:08:53.280" level="INFO">POST Request : url=http://localhost:3000/usuarios 
 path_url=/usuarios 
 headers={'User-Agent': 'python-requests/2.28.1', 'Accept-Encoding': 'gzip, deflate', 'Accept': '*/*', 'Connection': 'keep-alive', 'Content-Length': '85', 'Content-Type': 'application/x-www-form-urlencoded'} 
 body=nome=felipe.malacarne12&amp;password=123&amp;email=feleepe12.m%40gmail.com&amp;administrador=true 
 </msg>
<msg timestamp="20221010 19:08:53.280" level="INFO">POST Response : url=http://localhost:3000/usuarios 
 status=400, reason=Bad Request 
 headers={'Access-Control-Allow-Origin': '*', 'x-dns-prefetch-control': 'off', 'x-frame-options': 'SAMEORIGIN', 'strict-transport-security': 'max-age=15552000; includeSubDomains', 'x-download-options': 'noopen', 'x-content-type-options': 'nosniff', 'x-xss-protection': '1; mode=block', 'x-moesif-transaction-id': '26a98e98-ddc9-4bad-b6a8-14c1fbafd4cd', 'Content-Type': 'application/json; charset=utf-8', 'Content-Length': '53', 'Date': 'Mon, 10 Oct 2022 22:08:53 GMT', 'Connection': 'keep-alive', 'Keep-Alive': 'timeout=5'} 
 body={
    "message": "Este email já está sendo usado"
} 
 </msg>
<msg timestamp="20221010 19:08:53.280" level="FAIL">HTTPError: 400 Client Error: Bad Request for url: http://localhost:3000/usuarios</msg>
<status status="FAIL" starttime="20221010 19:08:53.276" endtime="20221010 19:08:53.282"/>
</kw>
<kw name="Log To Console" library="BuiltIn">
<arg>Response:${response.content}</arg>
<doc>Logs the given message to the console.</doc>
<status status="NOT RUN" starttime="20221010 19:08:53.283" endtime="20221010 19:08:53.283"/>
</kw>
<kw name="Set Global Variable" library="BuiltIn">
<arg>${response}</arg>
<doc>Makes a variable available globally in all tests and suites.</doc>
<status status="NOT RUN" starttime="20221010 19:08:53.283" endtime="20221010 19:08:53.283"/>
</kw>
<status status="FAIL" starttime="20221010 19:08:53.275" endtime="20221010 19:08:53.283"/>
</kw>
<kw name="Validar Status Code &quot;201&quot;" sourcename="Validar Status Code &quot;${statuscode}&quot;">
<status status="NOT RUN" starttime="20221010 19:08:53.284" endtime="20221010 19:08:53.284"/>
</kw>
<kw name="Validar Se Mensagem Contem &quot;sucesso&quot;" sourcename="Validar Se Mensagem Contem &quot;${palavra}&quot;">
<status status="NOT RUN" starttime="20221010 19:08:53.285" endtime="20221010 19:08:53.285"/>
</kw>
<tag>POST</tag>
<status status="FAIL" starttime="20221010 19:08:53.274" endtime="20221010 19:08:53.285">HTTPError: 400 Client Error: Bad Request for url: http://localhost:3000/usuarios</status>
</test>
<test id="s1-t5" name="Cenario: PUT Editar Usuario 200" line="44">
<kw name="Criar Sessao">
<kw name="Create Session" library="RequestsLibrary">
<arg>serverest</arg>
<arg>${URL}</arg>
<doc>Create Session: create a HTTP session to a server</doc>
<msg timestamp="20221010 19:08:53.287" level="INFO">Creating Session using : alias=serverest, url=http://localhost:3000, headers={},                     cookies={}, auth=None, timeout=None, proxies=None, verify=False,                     debug=0 </msg>
<status status="PASS" starttime="20221010 19:08:53.287" endtime="20221010 19:08:53.287"/>
</kw>
<status status="PASS" starttime="20221010 19:08:53.286" endtime="20221010 19:08:53.287"/>
</kw>
<kw name="PUT Endpoint /usuarios">
<kw name="Create Dictionary" library="BuiltIn">
<var>&amp;{payload}</var>
<arg>nome=saaas</arg>
<arg>password=123</arg>
<arg>email=felllipe.m@gmail.com</arg>
<arg>administrador=true</arg>
<doc>Creates and returns a dictionary based on the given ``items``.</doc>
<msg timestamp="20221010 19:08:53.288" level="INFO">&amp;{payload} = { nome=saaas | password=123 | email=felllipe.m@gmail.com | administrador=true }</msg>
<status status="PASS" starttime="20221010 19:08:53.288" endtime="20221010 19:08:53.288"/>
</kw>
<kw name="PUT On Session" library="RequestsLibrary">
<var>${response}</var>
<arg>serverest</arg>
<arg>/usuarios/qF56BeDh6AfIq4WW</arg>
<arg>data=&amp;{payload}</arg>
<doc>Sends a PUT request on a previously created HTTP Session.</doc>
<msg timestamp="20221010 19:08:53.292" level="INFO">PUT Request : url=http://localhost:3000/usuarios/qF56BeDh6AfIq4WW 
 path_url=/usuarios/qF56BeDh6AfIq4WW 
 headers={'User-Agent': 'python-requests/2.28.1', 'Accept-Encoding': 'gzip, deflate', 'Accept': '*/*', 'Connection': 'keep-alive', 'Content-Length': '71', 'Content-Type': 'application/x-www-form-urlencoded'} 
 body=nome=saaas&amp;password=123&amp;email=felllipe.m%40gmail.com&amp;administrador=true 
 </msg>
<msg timestamp="20221010 19:08:53.292" level="INFO">PUT Response : url=http://localhost:3000/usuarios/qF56BeDh6AfIq4WW 
 status=400, reason=Bad Request 
 headers={'Access-Control-Allow-Origin': '*', 'x-dns-prefetch-control': 'off', 'x-frame-options': 'SAMEORIGIN', 'strict-transport-security': 'max-age=15552000; includeSubDomains', 'x-download-options': 'noopen', 'x-content-type-options': 'nosniff', 'x-xss-protection': '1; mode=block', 'x-moesif-transaction-id': '0ad25d59-df57-47f3-93f4-7d795d69ce25', 'Content-Type': 'application/json; charset=utf-8', 'Content-Length': '53', 'Date': 'Mon, 10 Oct 2022 22:08:53 GMT', 'Connection': 'keep-alive', 'Keep-Alive': 'timeout=5'} 
 body={
    "message": "Este email já está sendo usado"
} 
 </msg>
<msg timestamp="20221010 19:08:53.293" level="FAIL">HTTPError: 400 Client Error: Bad Request for url: http://localhost:3000/usuarios/qF56BeDh6AfIq4WW</msg>
<status status="FAIL" starttime="20221010 19:08:53.288" endtime="20221010 19:08:53.293"/>
</kw>
<kw name="Log To Console" library="BuiltIn">
<arg>${response.content}</arg>
<doc>Logs the given message to the console.</doc>
<status status="NOT RUN" starttime="20221010 19:08:53.293" endtime="20221010 19:08:53.293"/>
</kw>
<kw name="Set Global Variable" library="BuiltIn">
<arg>${response}</arg>
<doc>Makes a variable available globally in all tests and suites.</doc>
<status status="NOT RUN" starttime="20221010 19:08:53.294" endtime="20221010 19:08:53.294"/>
</kw>
<status status="FAIL" starttime="20221010 19:08:53.287" endtime="20221010 19:08:53.294"/>
</kw>
<kw name="Validar Status Code &quot;200&quot;" sourcename="Validar Status Code &quot;${statuscode}&quot;">
<status status="NOT RUN" starttime="20221010 19:08:53.295" endtime="20221010 19:08:53.295"/>
</kw>
<tag>PUT</tag>
<status status="FAIL" starttime="20221010 19:08:53.286" endtime="20221010 19:08:53.295">HTTPError: 400 Client Error: Bad Request for url: http://localhost:3000/usuarios/qF56BeDh6AfIq4WW</status>
</test>
<test id="s1-t6" name="Cenario: DELETE Usuario 200" line="50">
<kw name="Criar Sessao">
<kw name="Create Session" library="RequestsLibrary">
<arg>serverest</arg>
<arg>${URL}</arg>
<doc>Create Session: create a HTTP session to a server</doc>
<msg timestamp="20221010 19:08:53.297" level="INFO">Creating Session using : alias=serverest, url=http://localhost:3000, headers={},                     cookies={}, auth=None, timeout=None, proxies=None, verify=False,                     debug=0 </msg>
<status status="PASS" starttime="20221010 19:08:53.297" endtime="20221010 19:08:53.297"/>
</kw>
<status status="PASS" starttime="20221010 19:08:53.296" endtime="20221010 19:08:53.297"/>
</kw>
<kw name="DELETE Endpoint /usuarios">
<kw name="DELETE On Session" library="RequestsLibrary">
<var>${response}</var>
<arg>serverest</arg>
<arg>/usuarios/qF56BeDh6AfIq4WW</arg>
<doc>Sends a DELETE request on a previously created HTTP Session.</doc>
<msg timestamp="20221010 19:08:53.302" level="INFO">DELETE Request : url=http://localhost:3000/usuarios/qF56BeDh6AfIq4WW 
 path_url=/usuarios/qF56BeDh6AfIq4WW 
 headers={'User-Agent': 'python-requests/2.28.1', 'Accept-Encoding': 'gzip, deflate', 'Accept': '*/*', 'Connection': 'keep-alive', 'Content-Length': '0'} 
 body=None 
 </msg>
<msg timestamp="20221010 19:08:53.302" level="INFO">DELETE Response : url=http://localhost:3000/usuarios/qF56BeDh6AfIq4WW 
 status=200, reason=OK 
 headers={'Access-Control-Allow-Origin': '*', 'x-dns-prefetch-control': 'off', 'x-frame-options': 'SAMEORIGIN', 'strict-transport-security': 'max-age=15552000; includeSubDomains', 'x-download-options': 'noopen', 'x-content-type-options': 'nosniff', 'x-xss-protection': '1; mode=block', 'x-moesif-transaction-id': 'a2c50570-8618-402d-aaee-60df59a66088', 'Content-Type': 'application/json; charset=utf-8', 'Content-Length': '46', 'Date': 'Mon, 10 Oct 2022 22:08:53 GMT', 'Connection': 'keep-alive', 'Keep-Alive': 'timeout=5'} 
 body={
    "message": "Nenhum registro excluído"
} 
 </msg>
<msg timestamp="20221010 19:08:53.302" level="INFO">${response} = &lt;Response [200]&gt;</msg>
<status status="PASS" starttime="20221010 19:08:53.298" endtime="20221010 19:08:53.302"/>
</kw>
<kw name="Log To Console" library="BuiltIn">
<arg>${response.content}</arg>
<doc>Logs the given message to the console.</doc>
<status status="PASS" starttime="20221010 19:08:53.302" endtime="20221010 19:08:53.303"/>
</kw>
<kw name="Set Global Variable" library="BuiltIn">
<arg>${response}</arg>
<doc>Makes a variable available globally in all tests and suites.</doc>
<msg timestamp="20221010 19:08:53.303" level="INFO">${response} = &lt;Response [200]&gt;</msg>
<status status="PASS" starttime="20221010 19:08:53.303" endtime="20221010 19:08:53.303"/>
</kw>
<status status="PASS" starttime="20221010 19:08:53.297" endtime="20221010 19:08:53.303"/>
</kw>
<kw name="Validar Status Code &quot;200&quot;" sourcename="Validar Status Code &quot;${statuscode}&quot;">
<kw name="Should Be True" library="BuiltIn">
<arg>${response.status_code} == ${statuscode}</arg>
<doc>Fails if the given condition is not true.</doc>
<status status="PASS" starttime="20221010 19:08:53.304" endtime="20221010 19:08:53.305"/>
</kw>
<status status="PASS" starttime="20221010 19:08:53.304" endtime="20221010 19:08:53.305"/>
</kw>
<tag>DELETE</tag>
<status status="PASS" starttime="20221010 19:08:53.296" endtime="20221010 19:08:53.305"/>
</test>
<doc>Arquvo simples para realizar requsisões HTTP em APIs</doc>
<status status="FAIL" starttime="20221010 19:08:53.107" endtime="20221010 19:08:53.306"/>
</suite>
<statistics>
<total>
<stat pass="3" fail="3" skip="0">All Tests</stat>
</total>
<tag>
<stat pass="1" fail="0" skip="0">DELETE</stat>
<stat pass="2" fail="1" skip="0">GET</stat>
<stat pass="0" fail="1" skip="0">POST</stat>
<stat pass="0" fail="1" skip="0">PUT</stat>
</tag>
<suite>
<stat pass="3" fail="3" skip="0" id="s1" name="Base">Base</stat>
</suite>
</statistics>
<errors>
</errors>
</robot>
